# JRE version: OpenJDK Runtime Environment Microsoft-12574423 (17.0.17+10) (build 17.0.17+10-LTS)
# Java VM: OpenJDK 64-Bit Server VM Microsoft-12574423 (17.0.17+10-LTS, mixed mode, sharing, tiered, compressed oops, compressed class ptrs, g1 gc, windows-amd64)
GC Precious Log:
 CPUs: 4 total, 4 available
 Memory: 3743M
 Large Page Support: Disabled
 NUMA Support: Disabled
 Compressed Oops: Enabled (32-bit)
 Heap Region Size: 1M
 Heap Min Capacity: 8M
 Heap Initial Capacity: 60M
 Heap Max Capacity: 936M
 Pre-touch: Disabled
 Parallel Workers: 4
 Concurrent Workers: 1
 Concurrent Refinement Workers: 4
 Periodic GC: Disabled
Heap:
 garbage-first heap   total 135168K, used 94810K [0x00000000c5800000, 0x0000000100000000)
  region size 1024K, 54 young (55296K), 1 survivors (1024K)
 Metaspace       used 78762K, committed 79360K, reserved 1179648K
  class space    used 10872K, committed 11136K, reserved 1048576K
GC Heap History (20 events):
Event: 28.972 GC heap before
{Heap before GC invocations=19 (full 0):
 garbage-first heap   total 73728K, used 58397K [0x00000000c5800000, 0x0000000100000000)
  region size 1024K, 30 young (30720K), 4 survivors (4096K)
 Metaspace       used 64466K, committed 65024K, reserved 1114112K
  class space    used 9008K, committed 9280K, reserved 1048576K
}
Event: 28.986 GC heap after
{Heap after GC invocations=20 (full 0):
 garbage-first heap   total 73728K, used 34047K [0x00000000c5800000, 0x0000000100000000)
  region size 1024K, 4 young (4096K), 4 survivors (4096K)
 Metaspace       used 64466K, committed 65024K, reserved 1114112K
  class space    used 9008K, committed 9280K, reserved 1048576K
}
Event: 29.595 GC heap before
{Heap before GC invocations=20 (full 0):
 garbage-first heap   total 73728K, used 57599K [0x00000000c5800000, 0x0000000100000000)
  region size 1024K, 28 young (28672K), 4 survivors (4096K)
 Metaspace       used 65842K, committed 66432K, reserved 1114112K
  class space    used 9171K, committed 9408K, reserved 1048576K
}
Event: 29.607 GC heap after
{Heap after GC invocations=21 (full 0):
 garbage-first heap   total 73728K, used 35528K [0x00000000c5800000, 0x0000000100000000)
  region size 1024K, 2 young (2048K), 2 survivors (2048K)
 Metaspace       used 65842K, committed 66432K, reserved 1114112K
  class space    used 9171K, committed 9408K, reserved 1048576K
}
Event: 30.033 GC heap before
{Heap before GC invocations=21 (full 0):
 garbage-first heap   total 73728K, used 58056K [0x00000000c5800000, 0x0000000100000000)
  region size 1024K, 24 young (24576K), 2 survivors (2048K)
 Metaspace       used 66117K, committed 66688K, reserved 1114112K
  class space    used 9203K, committed 9472K, reserved 1048576K
}
Event: 30.040 GC heap after
{Heap after GC invocations=22 (full 0):
 garbage-first heap   total 73728K, used 36502K [0x00000000c5800000, 0x0000000100000000)
  region size 1024K, 3 young (3072K), 3 survivors (3072K)
 Metaspace       used 66117K, committed 66688K, reserved 1114112K
  class space    used 9203K, committed 9472K, reserved 1048576K
}
Event: 30.373 GC heap before
{Heap before GC invocations=23 (full 0):
 garbage-first heap   total 80896K, used 59030K [0x00000000c5800000, 0x0000000100000000)
  region size 1024K, 25 young (25600K), 3 survivors (3072K)
 Metaspace       used 66125K, committed 66688K, reserved 1114112K
  class space    used 9208K, committed 9472K, reserved 1048576K
}
Event: 30.380 GC heap after
{Heap after GC invocations=24 (full 0):
 garbage-first heap   total 80896K, used 37349K [0x00000000c5800000, 0x0000000100000000)
  region size 1024K, 2 young (2048K), 2 survivors (2048K)
 Metaspace       used 66125K, committed 66688K, reserved 1114112K
  class space    used 9208K, committed 9472K, reserved 1048576K
}
Event: 30.667 GC heap before
{Heap before GC invocations=24 (full 0):
 garbage-first heap   total 80896K, used 64997K [0x00000000c5800000, 0x0000000100000000)
  region size 1024K, 29 young (29696K), 2 survivors (2048K)
 Metaspace       used 66126K, committed 66688K, reserved 1114112K
  class space    used 9208K, committed 9472K, reserved 1048576K
}
Event: 30.672 GC heap after
{Heap after GC invocations=25 (full 0):
 garbage-first heap   total 80896K, used 37463K [0x00000000c5800000, 0x0000000100000000)
  region size 1024K, 2 young (2048K), 2 survivors (2048K)
 Metaspace       used 66126K, committed 66688K, reserved 1114112K
  class space    used 9208K, committed 9472K, reserved 1048576K
}
Event: 31.384 GC heap before
{Heap before GC invocations=26 (full 0):
 garbage-first heap   total 80896K, used 66135K [0x00000000c5800000, 0x0000000100000000)
  region size 1024K, 30 young (30720K), 2 survivors (2048K)
 Metaspace       used 66174K, committed 66688K, reserved 1114112K
  class space    used 9224K, committed 9472K, reserved 1048576K
}
Event: 31.391 GC heap after
{Heap after GC invocations=27 (full 0):
 garbage-first heap   total 80896K, used 39476K [0x00000000c5800000, 0x0000000100000000)
  region size 1024K, 4 young (4096K), 4 survivors (4096K)
 Metaspace       used 66174K, committed 66688K, reserved 1114112K
  class space    used 9224K, committed 9472K, reserved 1048576K
}
Event: 31.423 GC heap before
{Heap before GC invocations=27 (full 0):
 garbage-first heap   total 80896K, used 40500K [0x00000000c5800000, 0x0000000100000000)
  region size 1024K, 5 young (5120K), 4 survivors (4096K)
 Metaspace       used 66174K, committed 66688K, reserved 1114112K
  class space    used 9224K, committed 9472K, reserved 1048576K
}
Event: 31.429 GC heap after
{Heap after GC invocations=28 (full 0):
 garbage-first heap   total 80896K, used 38254K [0x00000000c5800000, 0x0000000100000000)
  region size 1024K, 1 young (1024K), 1 survivors (1024K)
 Metaspace       used 66174K, committed 66688K, reserved 1114112K
  class space    used 9224K, committed 9472K, reserved 1048576K
}
Event: 31.907 GC heap before
{Heap before GC invocations=28 (full 0):
 garbage-first heap   total 80896K, used 65902K [0x00000000c5800000, 0x0000000100000000)
  region size 1024K, 28 young (28672K), 1 survivors (1024K)
 Metaspace       used 66320K, committed 66880K, reserved 1114112K
  class space    used 9230K, committed 9472K, reserved 1048576K
}
Event: 31.911 GC heap after
{Heap after GC invocations=29 (full 0):
 garbage-first heap   total 135168K, used 38178K [0x00000000c5800000, 0x0000000100000000)
  region size 1024K, 1 young (1024K), 1 survivors (1024K)
 Metaspace       used 66320K, committed 66880K, reserved 1114112K
  class space    used 9230K, committed 9472K, reserved 1048576K
}
Event: 35.603 GC heap before
{Heap before GC invocations=30 (full 0):
 garbage-first heap   total 135168K, used 109858K [0x00000000c5800000, 0x0000000100000000)
  region size 1024K, 71 young (72704K), 1 survivors (1024K)
 Metaspace       used 71208K, committed 71808K, reserved 1114112K
  class space    used 9856K, committed 10112K, reserved 1048576K
}
Event: 35.617 GC heap after
{Heap after GC invocations=31 (full 0):
 garbage-first heap   total 135168K, used 42541K [0x00000000c5800000, 0x0000000100000000)
  region size 1024K, 5 young (5120K), 5 survivors (5120K)
 Metaspace       used 71208K, committed 71808K, reserved 1114112K
  class space    used 9856K, committed 10112K, reserved 1048576K
}
Event: 35.663 GC heap before
{Heap before GC invocations=31 (full 0):
 garbage-first heap   total 135168K, used 43565K [0x00000000c5800000, 0x0000000100000000)
  region size 1024K, 6 young (6144K), 5 survivors (5120K)
 Metaspace       used 71336K, committed 71936K, reserved 1114112K
  class space    used 9876K, committed 10112K, reserved 1048576K
}
Event: 35.680 GC heap after
{Heap after GC invocations=32 (full 0):
 garbage-first heap   total 135168K, used 42586K [0x00000000c5800000, 0x0000000100000000)
  region size 1024K, 1 young (1024K), 1 survivors (1024K)
 Metaspace       used 71336K, committed 71936K, reserved 1114112K
  class space    used 9876K, committed 10112K, reserved 1048576K
}

