# JRE version: OpenJDK Runtime Environment Microsoft-12574423 (17.0.17+10) (build 17.0.17+10-LTS)
# Java VM: OpenJDK 64-Bit Server VM Microsoft-12574423 (17.0.17+10-LTS, mixed mode, sharing, tiered, compressed oops, compressed class ptrs, g1 gc, windows-amd64)
GC Precious Log:
 CPUs: 4 total, 4 available
 Memory: 3743M
 Large Page Support: Disabled
 NUMA Support: Disabled
 Compressed Oops: Enabled (32-bit)
 Heap Region Size: 1M
 Heap Min Capacity: 8M
 Heap Initial Capacity: 60M
 Heap Max Capacity: 936M
 Pre-touch: Disabled
 Parallel Workers: 4
 Concurrent Workers: 1
 Concurrent Refinement Workers: 4
 Periodic GC: Disabled
Heap:
 garbage-first heap   total 178176K, used 93570K [0x00000000c5800000, 0x0000000100000000)
  region size 1024K, 45 young (46080K), 1 survivors (1024K)
 Metaspace       used 94106K, committed 94784K, reserved 1179648K
  class space    used 12391K, committed 12672K, reserved 1048576K
GC Heap History (20 events):
Event: 51.965 GC heap before
{Heap before GC invocations=33 (full 0):
 garbage-first heap   total 86016K, used 44787K [0x00000000c5800000, 0x0000000100000000)
  region size 1024K, 4 young (4096K), 3 survivors (3072K)
 Metaspace       used 70688K, committed 71232K, reserved 1114112K
  class space    used 9776K, committed 10048K, reserved 1048576K
}
Event: 51.982 GC heap after
{Heap after GC invocations=34 (full 0):
 garbage-first heap   total 86016K, used 43519K [0x00000000c5800000, 0x0000000100000000)
  region size 1024K, 1 young (1024K), 1 survivors (1024K)
 Metaspace       used 70688K, committed 71232K, reserved 1114112K
  class space    used 9776K, committed 10048K, reserved 1048576K
}
Event: 54.011 GC heap before
{Heap before GC invocations=34 (full 0):
 garbage-first heap   total 86016K, used 68095K [0x00000000c5800000, 0x0000000100000000)
  region size 1024K, 26 young (26624K), 1 survivors (1024K)
 Metaspace       used 73135K, committed 73728K, reserved 1114112K
  class space    used 10109K, committed 10368K, reserved 1048576K
}
Event: 54.022 GC heap after
{Heap after GC invocations=35 (full 0):
 garbage-first heap   total 86016K, used 45465K [0x00000000c5800000, 0x0000000100000000)
  region size 1024K, 3 young (3072K), 3 survivors (3072K)
 Metaspace       used 73135K, committed 73728K, reserved 1114112K
  class space    used 10109K, committed 10368K, reserved 1048576K
}
Event: 22010.369 GC heap before
{Heap before GC invocations=36 (full 0):
 garbage-first heap   total 86016K, used 69017K [0x00000000c5800000, 0x0000000100000000)
  region size 1024K, 26 young (26624K), 3 survivors (3072K)
 Metaspace       used 76711K, committed 77312K, reserved 1179648K
  class space    used 10543K, committed 10816K, reserved 1048576K
}
Event: 22010.502 GC heap after
{Heap after GC invocations=37 (full 0):
 garbage-first heap   total 86016K, used 48406K [0x00000000c5800000, 0x0000000100000000)
  region size 1024K, 4 young (4096K), 4 survivors (4096K)
 Metaspace       used 76711K, committed 77312K, reserved 1179648K
  class space    used 10543K, committed 10816K, reserved 1048576K
}
Event: 22010.589 GC heap before
{Heap before GC invocations=37 (full 0):
 garbage-first heap   total 86016K, used 48406K [0x00000000c5800000, 0x0000000100000000)
  region size 1024K, 5 young (5120K), 4 survivors (4096K)
 Metaspace       used 76711K, committed 77312K, reserved 1179648K
  class space    used 10543K, committed 10816K, reserved 1048576K
}
Event: 22010.641 GC heap after
{Heap after GC invocations=38 (full 0):
 garbage-first heap   total 86016K, used 46142K [0x00000000c5800000, 0x0000000100000000)
  region size 1024K, 1 young (1024K), 1 survivors (1024K)
 Metaspace       used 76711K, committed 77312K, reserved 1179648K
  class space    used 10543K, committed 10816K, reserved 1048576K
}
Event: 22013.919 GC heap before
{Heap before GC invocations=38 (full 0):
 garbage-first heap   total 86016K, used 68670K [0x00000000c5800000, 0x0000000100000000)
  region size 1024K, 23 young (23552K), 1 survivors (1024K)
 Metaspace       used 79431K, committed 80064K, reserved 1179648K
  class space    used 10884K, committed 11200K, reserved 1048576K
}
Event: 22013.972 GC heap after
{Heap after GC invocations=39 (full 0):
 garbage-first heap   total 258048K, used 46795K [0x00000000c5800000, 0x0000000100000000)
  region size 1024K, 2 young (2048K), 2 survivors (2048K)
 Metaspace       used 79431K, committed 80064K, reserved 1179648K
  class space    used 10884K, committed 11200K, reserved 1048576K
}
Event: 22117.564 GC heap before
{Heap before GC invocations=40 (full 0):
 garbage-first heap   total 178176K, used 150219K [0x00000000c5800000, 0x0000000100000000)
  region size 1024K, 104 young (106496K), 2 survivors (2048K)
 Metaspace       used 90448K, committed 91136K, reserved 1179648K
  class space    used 12111K, committed 12416K, reserved 1048576K
}
Event: 22117.805 GC heap after
{Heap after GC invocations=41 (full 0):
 garbage-first heap   total 178176K, used 50591K [0x00000000c5800000, 0x0000000100000000)
  region size 1024K, 6 young (6144K), 6 survivors (6144K)
 Metaspace       used 90448K, committed 91136K, reserved 1179648K
  class space    used 12111K, committed 12416K, reserved 1048576K
}
Event: 22119.446 GC heap before
{Heap before GC invocations=41 (full 0):
 garbage-first heap   total 178176K, used 51615K [0x00000000c5800000, 0x0000000100000000)
  region size 1024K, 8 young (8192K), 6 survivors (6144K)
 Metaspace       used 90461K, committed 91136K, reserved 1179648K
  class space    used 12111K, committed 12416K, reserved 1048576K
}
Event: 22119.515 GC heap after
{Heap after GC invocations=42 (full 0):
 garbage-first heap   total 178176K, used 50155K [0x00000000c5800000, 0x0000000100000000)
  region size 1024K, 1 young (1024K), 1 survivors (1024K)
 Metaspace       used 90461K, committed 91136K, reserved 1179648K
  class space    used 12111K, committed 12416K, reserved 1048576K
}
Event: 23734.165 GC heap before
{Heap before GC invocations=42 (full 0):
 garbage-first heap   total 178176K, used 140267K [0x00000000c5800000, 0x0000000100000000)
  region size 1024K, 90 young (92160K), 1 survivors (1024K)
 Metaspace       used 93213K, committed 93952K, reserved 1179648K
  class space    used 12378K, committed 12672K, reserved 1048576K
}
Event: 23734.284 GC heap after
{Heap after GC invocations=43 (full 0):
 garbage-first heap   total 178176K, used 50869K [0x00000000c5800000, 0x0000000100000000)
  region size 1024K, 2 young (2048K), 2 survivors (2048K)
 Metaspace       used 93213K, committed 93952K, reserved 1179648K
  class space    used 12378K, committed 12672K, reserved 1048576K
}
Event: 68922.140 GC heap before
{Heap before GC invocations=44 (full 0):
 garbage-first heap   total 178176K, used 144053K [0x00000000c5800000, 0x0000000100000000)
  region size 1024K, 94 young (96256K), 2 survivors (2048K)
 Metaspace       used 93723K, committed 94336K, reserved 1179648K
  class space    used 12357K, committed 12672K, reserved 1048576K
}
Event: 68922.551 GC heap after
{Heap after GC invocations=45 (full 0):
 garbage-first heap   total 178176K, used 53108K [0x00000000c5800000, 0x0000000100000000)
  region size 1024K, 4 young (4096K), 4 survivors (4096K)
 Metaspace       used 93723K, committed 94336K, reserved 1179648K
  class space    used 12357K, committed 12672K, reserved 1048576K
}
Event: 68923.433 GC heap before
{Heap before GC invocations=45 (full 0):
 garbage-first heap   total 178176K, used 57204K [0x00000000c5800000, 0x0000000100000000)
  region size 1024K, 8 young (8192K), 4 survivors (4096K)
 Metaspace       used 93728K, committed 94400K, reserved 1179648K
  class space    used 12357K, committed 12672K, reserved 1048576K
}
Event: 68923.804 GC heap after
{Heap after GC invocations=46 (full 0):
 garbage-first heap   total 178176K, used 49538K [0x00000000c5800000, 0x0000000100000000)
  region size 1024K, 1 young (1024K), 1 survivors (1024K)
 Metaspace       used 93728K, committed 94400K, reserved 1179648K
  class space    used 12357K, committed 12672K, reserved 1048576K
}

