# JRE version: OpenJDK Runtime Environment Microsoft-12574423 (17.0.17+10) (build 17.0.17+10-LTS)
# Java VM: OpenJDK 64-Bit Server VM Microsoft-12574423 (17.0.17+10-LTS, mixed mode, sharing, tiered, compressed oops, compressed class ptrs, g1 gc, windows-amd64)
GC Precious Log:
 CPUs: 4 total, 4 available
 Memory: 3743M
 Large Page Support: Disabled
 NUMA Support: Disabled
 Compressed Oops: Enabled (32-bit)
 Heap Region Size: 1M
 Heap Min Capacity: 8M
 Heap Initial Capacity: 60M
 Heap Max Capacity: 936M
 Pre-touch: Disabled
 Parallel Workers: 4
 Concurrent Workers: 1
 Concurrent Refinement Workers: 4
 Periodic GC: Disabled
Heap:
 garbage-first heap   total 75776K, used 37946K [0x00000000c5800000, 0x0000000100000000)
  region size 1024K, 3 young (3072K), 1 survivors (1024K)
 Metaspace       used 66017K, committed 66560K, reserved 1114112K
  class space    used 9207K, committed 9472K, reserved 1048576K
GC Heap History (20 events):
Event: 179.639 GC heap before
{Heap before GC invocations=19 (full 0):
 garbage-first heap   total 61440K, used 50000K [0x00000000c5800000, 0x0000000100000000)
  region size 1024K, 21 young (21504K), 2 survivors (2048K)
 Metaspace       used 60354K, committed 60864K, reserved 1114112K
  class space    used 8242K, committed 8512K, reserved 1048576K
}
Event: 179.652 GC heap after
{Heap after GC invocations=20 (full 0):
 garbage-first heap   total 61440K, used 31375K [0x00000000c5800000, 0x0000000100000000)
  region size 1024K, 3 young (3072K), 3 survivors (3072K)
 Metaspace       used 60354K, committed 60864K, reserved 1114112K
  class space    used 8242K, committed 8512K, reserved 1048576K
}
Event: 183.603 GC heap before
{Heap before GC invocations=20 (full 0):
 garbage-first heap   total 61440K, used 48783K [0x00000000c5800000, 0x0000000100000000)
  region size 1024K, 21 young (21504K), 3 survivors (3072K)
 Metaspace       used 62339K, committed 62848K, reserved 1114112K
  class space    used 8585K, committed 8832K, reserved 1048576K
}
Event: 183.631 GC heap after
{Heap after GC invocations=21 (full 0):
 garbage-first heap   total 61440K, used 32576K [0x00000000c5800000, 0x0000000100000000)
  region size 1024K, 3 young (3072K), 3 survivors (3072K)
 Metaspace       used 62339K, committed 62848K, reserved 1114112K
  class space    used 8585K, committed 8832K, reserved 1048576K
}
Event: 186.046 GC heap before
{Heap before GC invocations=22 (full 0):
 garbage-first heap   total 61440K, used 48960K [0x00000000c5800000, 0x0000000100000000)
  region size 1024K, 20 young (20480K), 3 survivors (3072K)
 Metaspace       used 64652K, committed 65152K, reserved 1114112K
  class space    used 9053K, committed 9280K, reserved 1048576K
}
Event: 186.084 GC heap after
{Heap after GC invocations=23 (full 0):
 garbage-first heap   total 61440K, used 33674K [0x00000000c5800000, 0x0000000100000000)
  region size 1024K, 3 young (3072K), 3 survivors (3072K)
 Metaspace       used 64652K, committed 65152K, reserved 1114112K
  class space    used 9053K, committed 9280K, reserved 1048576K
}
Event: 187.199 GC heap before
{Heap before GC invocations=23 (full 0):
 garbage-first heap   total 61440K, used 49034K [0x00000000c5800000, 0x0000000100000000)
  region size 1024K, 18 young (18432K), 3 survivors (3072K)
 Metaspace       used 64979K, committed 65472K, reserved 1114112K
  class space    used 9101K, committed 9344K, reserved 1048576K
}
Event: 187.211 GC heap after
{Heap after GC invocations=24 (full 0):
 garbage-first heap   total 61440K, used 34663K [0x00000000c5800000, 0x0000000100000000)
  region size 1024K, 3 young (3072K), 3 survivors (3072K)
 Metaspace       used 64979K, committed 65472K, reserved 1114112K
  class space    used 9101K, committed 9344K, reserved 1048576K
}
Event: 188.396 GC heap before
{Heap before GC invocations=25 (full 0):
 garbage-first heap   total 66560K, used 50023K [0x00000000c5800000, 0x0000000100000000)
  region size 1024K, 18 young (18432K), 3 survivors (3072K)
 Metaspace       used 65177K, committed 65728K, reserved 1114112K
  class space    used 9127K, committed 9408K, reserved 1048576K
}
Event: 188.424 GC heap after
{Heap after GC invocations=26 (full 0):
 garbage-first heap   total 66560K, used 35195K [0x00000000c5800000, 0x0000000100000000)
  region size 1024K, 2 young (2048K), 2 survivors (2048K)
 Metaspace       used 65177K, committed 65728K, reserved 1114112K
  class space    used 9127K, committed 9408K, reserved 1048576K
}
Event: 190.897 GC heap before
{Heap before GC invocations=26 (full 0):
 garbage-first heap   total 66560K, used 53627K [0x00000000c5800000, 0x0000000100000000)
  region size 1024K, 20 young (20480K), 2 survivors (2048K)
 Metaspace       used 65525K, committed 66112K, reserved 1114112K
  class space    used 9146K, committed 9408K, reserved 1048576K
}
Event: 190.905 GC heap after
{Heap after GC invocations=27 (full 0):
 garbage-first heap   total 66560K, used 35825K [0x00000000c5800000, 0x0000000100000000)
  region size 1024K, 2 young (2048K), 2 survivors (2048K)
 Metaspace       used 65525K, committed 66112K, reserved 1114112K
  class space    used 9146K, committed 9408K, reserved 1048576K
}
Event: 192.100 GC heap before
{Heap before GC invocations=28 (full 0):
 garbage-first heap   total 66560K, used 54257K [0x00000000c5800000, 0x0000000100000000)
  region size 1024K, 20 young (20480K), 2 survivors (2048K)
 Metaspace       used 65560K, committed 66112K, reserved 1114112K
  class space    used 9146K, committed 9408K, reserved 1048576K
}
Event: 192.115 GC heap after
{Heap after GC invocations=29 (full 0):
 garbage-first heap   total 66560K, used 36403K [0x00000000c5800000, 0x0000000100000000)
  region size 1024K, 2 young (2048K), 2 survivors (2048K)
 Metaspace       used 65560K, committed 66112K, reserved 1114112K
  class space    used 9146K, committed 9408K, reserved 1048576K
}
Event: 193.004 GC heap before
{Heap before GC invocations=29 (full 0):
 garbage-first heap   total 66560K, used 54835K [0x00000000c5800000, 0x0000000100000000)
  region size 1024K, 20 young (20480K), 2 survivors (2048K)
 Metaspace       used 65598K, committed 66176K, reserved 1114112K
  class space    used 9151K, committed 9408K, reserved 1048576K
}
Event: 193.017 GC heap after
{Heap after GC invocations=30 (full 0):
 garbage-first heap   total 66560K, used 37380K [0x00000000c5800000, 0x0000000100000000)
  region size 1024K, 3 young (3072K), 3 survivors (3072K)
 Metaspace       used 65598K, committed 66176K, reserved 1114112K
  class space    used 9151K, committed 9408K, reserved 1048576K
}
Event: 195.520 GC heap before
{Heap before GC invocations=31 (full 0):
 garbage-first heap   total 75776K, used 53764K [0x00000000c5800000, 0x0000000100000000)
  region size 1024K, 19 young (19456K), 3 survivors (3072K)
 Metaspace       used 65733K, committed 66240K, reserved 1114112K
  class space    used 9165K, committed 9408K, reserved 1048576K
}
Event: 195.533 GC heap after
{Heap after GC invocations=32 (full 0):
 garbage-first heap   total 75776K, used 37074K [0x00000000c5800000, 0x0000000100000000)
  region size 1024K, 2 young (2048K), 2 survivors (2048K)
 Metaspace       used 65733K, committed 66240K, reserved 1114112K
  class space    used 9165K, committed 9408K, reserved 1048576K
}
Event: 195.630 GC heap before
{Heap before GC invocations=32 (full 0):
 garbage-first heap   total 75776K, used 38098K [0x00000000c5800000, 0x0000000100000000)
  region size 1024K, 3 young (3072K), 2 survivors (2048K)
 Metaspace       used 65785K, committed 66304K, reserved 1114112K
  class space    used 9167K, committed 9408K, reserved 1048576K
}
Event: 195.641 GC heap after
{Heap after GC invocations=33 (full 0):
 garbage-first heap   total 75776K, used 36922K [0x00000000c5800000, 0x0000000100000000)
  region size 1024K, 1 young (1024K), 1 survivors (1024K)
 Metaspace       used 65785K, committed 66304K, reserved 1114112K
  class space    used 9167K, committed 9408K, reserved 1048576K
}

