# JRE version: OpenJDK Runtime Environment Microsoft-12574423 (17.0.17+10) (build 17.0.17+10-LTS)
# Java VM: OpenJDK 64-Bit Server VM Microsoft-12574423 (17.0.17+10-LTS, mixed mode, sharing, tiered, compressed oops, compressed class ptrs, g1 gc, windows-amd64)
GC Precious Log:
 CPUs: 4 total, 4 available
 Memory: 3743M
 Large Page Support: Disabled
 NUMA Support: Disabled
 Compressed Oops: Enabled (32-bit)
 Heap Region Size: 1M
 Heap Min Capacity: 8M
 Heap Initial Capacity: 60M
 Heap Max Capacity: 936M
 Pre-touch: Disabled
 Parallel Workers: 4
 Concurrent Workers: 1
 Concurrent Refinement Workers: 4
 Periodic GC: Disabled
Heap:
 garbage-first heap   total 61440K, used 31829K [0x00000000c5800000, 0x0000000100000000)
  region size 1024K, 3 young (3072K), 1 survivors (1024K)
 Metaspace       used 59983K, committed 60544K, reserved 1114112K
  class space    used 8172K, committed 8448K, reserved 1048576K
GC Heap History (20 events):
Event: 24.654 GC heap before
{Heap before GC invocations=7 (full 0):
 garbage-first heap   total 61440K, used 40823K [0x00000000c5800000, 0x0000000100000000)
  region size 1024K, 25 young (25600K), 2 survivors (2048K)
 Metaspace       used 23976K, committed 24256K, reserved 1114112K
  class space    used 3042K, committed 3200K, reserved 1048576K
}
Event: 24.671 GC heap after
{Heap after GC invocations=8 (full 0):
 garbage-first heap   total 61440K, used 18439K [0x00000000c5800000, 0x0000000100000000)
  region size 1024K, 3 young (3072K), 3 survivors (3072K)
 Metaspace       used 23976K, committed 24256K, reserved 1114112K
  class space    used 3042K, committed 3200K, reserved 1048576K
}
Event: 33.655 GC heap before
{Heap before GC invocations=8 (full 0):
 garbage-first heap   total 61440K, used 43015K [0x00000000c5800000, 0x0000000100000000)
  region size 1024K, 27 young (27648K), 3 survivors (3072K)
 Metaspace       used 27622K, committed 27968K, reserved 1114112K
  class space    used 3552K, committed 3712K, reserved 1048576K
}
Event: 33.693 GC heap after
{Heap after GC invocations=9 (full 0):
 garbage-first heap   total 61440K, used 20532K [0x00000000c5800000, 0x0000000100000000)
  region size 1024K, 4 young (4096K), 4 survivors (4096K)
 Metaspace       used 27622K, committed 27968K, reserved 1114112K
  class space    used 3552K, committed 3712K, reserved 1048576K
}
Event: 42.808 GC heap before
{Heap before GC invocations=9 (full 0):
 garbage-first heap   total 61440K, used 44084K [0x00000000c5800000, 0x0000000100000000)
  region size 1024K, 27 young (27648K), 4 survivors (4096K)
 Metaspace       used 32389K, committed 32832K, reserved 1114112K
  class space    used 4176K, committed 4352K, reserved 1048576K
}
Event: 42.841 GC heap after
{Heap after GC invocations=10 (full 0):
 garbage-first heap   total 61440K, used 22804K [0x00000000c5800000, 0x0000000100000000)
  region size 1024K, 3 young (3072K), 3 survivors (3072K)
 Metaspace       used 32389K, committed 32832K, reserved 1114112K
  class space    used 4176K, committed 4352K, reserved 1048576K
}
Event: 45.855 GC heap before
{Heap before GC invocations=10 (full 0):
 garbage-first heap   total 61440K, used 38164K [0x00000000c5800000, 0x0000000100000000)
  region size 1024K, 19 young (19456K), 3 survivors (3072K)
 Metaspace       used 35600K, committed 35968K, reserved 1114112K
  class space    used 4629K, committed 4800K, reserved 1048576K
}
Event: 45.877 GC heap after
{Heap after GC invocations=11 (full 0):
 garbage-first heap   total 61440K, used 23667K [0x00000000c5800000, 0x0000000100000000)
  region size 1024K, 1 young (1024K), 1 survivors (1024K)
 Metaspace       used 35600K, committed 35968K, reserved 1114112K
  class space    used 4629K, committed 4800K, reserved 1048576K
}
Event: 49.802 GC heap before
{Heap before GC invocations=12 (full 0):
 garbage-first heap   total 61440K, used 47219K [0x00000000c5800000, 0x0000000100000000)
  region size 1024K, 24 young (24576K), 1 survivors (1024K)
 Metaspace       used 40990K, committed 41472K, reserved 1114112K
  class space    used 5504K, committed 5760K, reserved 1048576K
}
Event: 49.819 GC heap after
{Heap after GC invocations=13 (full 0):
 garbage-first heap   total 61440K, used 24593K [0x00000000c5800000, 0x0000000100000000)
  region size 1024K, 2 young (2048K), 2 survivors (2048K)
 Metaspace       used 40990K, committed 41472K, reserved 1114112K
  class space    used 5504K, committed 5760K, reserved 1048576K
}
Event: 53.155 GC heap before
{Heap before GC invocations=13 (full 0):
 garbage-first heap   total 61440K, used 47121K [0x00000000c5800000, 0x0000000100000000)
  region size 1024K, 25 young (25600K), 2 survivors (2048K)
 Metaspace       used 47276K, committed 47744K, reserved 1114112K
  class space    used 6416K, committed 6656K, reserved 1048576K
}
Event: 53.180 GC heap after
{Heap after GC invocations=14 (full 0):
 garbage-first heap   total 61440K, used 25942K [0x00000000c5800000, 0x0000000100000000)
  region size 1024K, 4 young (4096K), 4 survivors (4096K)
 Metaspace       used 47276K, committed 47744K, reserved 1114112K
  class space    used 6416K, committed 6656K, reserved 1048576K
}
Event: 56.230 GC heap before
{Heap before GC invocations=14 (full 0):
 garbage-first heap   total 61440K, used 47446K [0x00000000c5800000, 0x0000000100000000)
  region size 1024K, 25 young (25600K), 4 survivors (4096K)
 Metaspace       used 49805K, committed 50304K, reserved 1114112K
  class space    used 6837K, committed 7104K, reserved 1048576K
}
Event: 56.251 GC heap after
{Heap after GC invocations=15 (full 0):
 garbage-first heap   total 61440K, used 26550K [0x00000000c5800000, 0x0000000100000000)
  region size 1024K, 2 young (2048K), 2 survivors (2048K)
 Metaspace       used 49805K, committed 50304K, reserved 1114112K
  class space    used 6837K, committed 7104K, reserved 1048576K
}
Event: 59.074 GC heap before
{Heap before GC invocations=15 (full 0):
 garbage-first heap   total 61440K, used 48054K [0x00000000c5800000, 0x0000000100000000)
  region size 1024K, 24 young (24576K), 2 survivors (2048K)
 Metaspace       used 55851K, committed 56384K, reserved 1114112K
  class space    used 7645K, committed 7936K, reserved 1048576K
}
Event: 59.099 GC heap after
{Heap after GC invocations=16 (full 0):
 garbage-first heap   total 61440K, used 28551K [0x00000000c5800000, 0x0000000100000000)
  region size 1024K, 3 young (3072K), 3 survivors (3072K)
 Metaspace       used 55851K, committed 56384K, reserved 1114112K
  class space    used 7645K, committed 7936K, reserved 1048576K
}
Event: 88.215 GC heap before
{Heap before GC invocations=16 (full 0):
 garbage-first heap   total 61440K, used 49031K [0x00000000c5800000, 0x0000000100000000)
  region size 1024K, 23 young (23552K), 3 survivors (3072K)
 Metaspace       used 58602K, committed 59072K, reserved 1114112K
  class space    used 7959K, committed 8192K, reserved 1048576K
}
Event: 88.327 GC heap after
{Heap after GC invocations=17 (full 0):
 garbage-first heap   total 61440K, used 30221K [0x00000000c5800000, 0x0000000100000000)
  region size 1024K, 2 young (2048K), 2 survivors (2048K)
 Metaspace       used 58602K, committed 59072K, reserved 1114112K
  class space    used 7959K, committed 8192K, reserved 1048576K
}
Event: 91.931 GC heap before
{Heap before GC invocations=17 (full 0):
 garbage-first heap   total 61440K, used 37389K [0x00000000c5800000, 0x0000000100000000)
  region size 1024K, 10 young (10240K), 2 survivors (2048K)
 Metaspace       used 59949K, committed 60416K, reserved 1114112K
  class space    used 8156K, committed 8384K, reserved 1048576K
}
Event: 91.960 GC heap after
{Heap after GC invocations=18 (full 0):
 garbage-first heap   total 61440K, used 30805K [0x00000000c5800000, 0x0000000100000000)
  region size 1024K, 1 young (1024K), 1 survivors (1024K)
 Metaspace       used 59949K, committed 60416K, reserved 1114112K
  class space    used 8156K, committed 8384K, reserved 1048576K
}

