# JRE version: OpenJDK Runtime Environment Microsoft-12574423 (17.0.17+10) (build 17.0.17+10-LTS)
# Java VM: OpenJDK 64-Bit Server VM Microsoft-12574423 (17.0.17+10-LTS, mixed mode, sharing, tiered, compressed oops, compressed class ptrs, g1 gc, windows-amd64)
GC Precious Log:
 CPUs: 4 total, 4 available
 Memory: 3743M
 Large Page Support: Disabled
 NUMA Support: Disabled
 Compressed Oops: Enabled (32-bit)
 Heap Region Size: 1M
 Heap Min Capacity: 8M
 Heap Initial Capacity: 60M
 Heap Max Capacity: 936M
 Pre-touch: Disabled
 Parallel Workers: 4
 Concurrent Workers: 1
 Concurrent Refinement Workers: 4
 Periodic GC: Disabled
Heap:
 garbage-first heap   total 61440K, used 32562K [0x00000000c5800000, 0x0000000100000000)
  region size 1024K, 11 young (11264K), 2 survivors (2048K)
 Metaspace       used 42711K, committed 43136K, reserved 1114112K
  class space    used 5695K, committed 5888K, reserved 1048576K
GC Heap History (20 events):
Event: 7.087 GC heap before
{Heap before GC invocations=2 (full 0):
 garbage-first heap   total 61440K, used 26713K [0x00000000c5800000, 0x0000000100000000)
  region size 1024K, 18 young (18432K), 1 survivors (1024K)
 Metaspace       used 9975K, committed 10240K, reserved 1114112K
  class space    used 1253K, committed 1408K, reserved 1048576K
}
Event: 7.095 GC heap after
{Heap after GC invocations=3 (full 0):
 garbage-first heap   total 61440K, used 10496K [0x00000000c5800000, 0x0000000100000000)
  region size 1024K, 3 young (3072K), 3 survivors (3072K)
 Metaspace       used 9975K, committed 10240K, reserved 1114112K
  class space    used 1253K, committed 1408K, reserved 1048576K
}
Event: 10.176 GC heap before
{Heap before GC invocations=3 (full 0):
 garbage-first heap   total 61440K, used 34048K [0x00000000c5800000, 0x0000000100000000)
  region size 1024K, 27 young (27648K), 3 survivors (3072K)
 Metaspace       used 15775K, committed 16000K, reserved 1114112K
  class space    used 2003K, committed 2112K, reserved 1048576K
}
Event: 10.188 GC heap after
{Heap after GC invocations=4 (full 0):
 garbage-first heap   total 61440K, used 12422K [0x00000000c5800000, 0x0000000100000000)
  region size 1024K, 4 young (4096K), 4 survivors (4096K)
 Metaspace       used 15775K, committed 16000K, reserved 1114112K
  class space    used 2003K, committed 2112K, reserved 1048576K
}
Event: 18.138 GC heap before
{Heap before GC invocations=4 (full 0):
 garbage-first heap   total 61440K, used 39046K [0x00000000c5800000, 0x0000000100000000)
  region size 1024K, 30 young (30720K), 4 survivors (4096K)
 Metaspace       used 20094K, committed 20352K, reserved 1114112K
  class space    used 2565K, committed 2688K, reserved 1048576K
}
Event: 18.164 GC heap after
{Heap after GC invocations=5 (full 0):
 garbage-first heap   total 61440K, used 15735K [0x00000000c5800000, 0x0000000100000000)
  region size 1024K, 4 young (4096K), 4 survivors (4096K)
 Metaspace       used 20094K, committed 20352K, reserved 1114112K
  class space    used 2565K, committed 2688K, reserved 1048576K
}
Event: 21.305 GC heap before
{Heap before GC invocations=5 (full 0):
 garbage-first heap   total 61440K, used 25975K [0x00000000c5800000, 0x0000000100000000)
  region size 1024K, 15 young (15360K), 4 survivors (4096K)
 Metaspace       used 21291K, committed 21504K, reserved 1114112K
  class space    used 2693K, committed 2816K, reserved 1048576K
}
Event: 21.334 GC heap after
{Heap after GC invocations=6 (full 0):
 garbage-first heap   total 61440K, used 17231K [0x00000000c5800000, 0x0000000100000000)
  region size 1024K, 2 young (2048K), 2 survivors (2048K)
 Metaspace       used 21291K, committed 21504K, reserved 1114112K
  class space    used 2693K, committed 2816K, reserved 1048576K
}
Event: 25.207 GC heap before
{Heap before GC invocations=7 (full 0):
 garbage-first heap   total 61440K, used 40783K [0x00000000c5800000, 0x0000000100000000)
  region size 1024K, 26 young (26624K), 2 survivors (2048K)
 Metaspace       used 24311K, committed 24576K, reserved 1114112K
  class space    used 3082K, committed 3200K, reserved 1048576K
}
Event: 25.230 GC heap after
{Heap after GC invocations=8 (full 0):
 garbage-first heap   total 61440K, used 18703K [0x00000000c5800000, 0x0000000100000000)
  region size 1024K, 3 young (3072K), 3 survivors (3072K)
 Metaspace       used 24311K, committed 24576K, reserved 1114112K
  class space    used 3082K, committed 3200K, reserved 1048576K
}
Event: 25.307 GC heap before
{Heap before GC invocations=8 (full 0):
 garbage-first heap   total 61440K, used 19727K [0x00000000c5800000, 0x0000000100000000)
  region size 1024K, 4 young (4096K), 3 survivors (3072K)
 Metaspace       used 24426K, committed 24704K, reserved 1114112K
  class space    used 3092K, committed 3200K, reserved 1048576K
}
Event: 25.328 GC heap after
{Heap after GC invocations=9 (full 0):
 garbage-first heap   total 61440K, used 18513K [0x00000000c5800000, 0x0000000100000000)
  region size 1024K, 1 young (1024K), 1 survivors (1024K)
 Metaspace       used 24426K, committed 24704K, reserved 1114112K
  class space    used 3092K, committed 3200K, reserved 1048576K
}
Event: 28.570 GC heap before
{Heap before GC invocations=9 (full 0):
 garbage-first heap   total 61440K, used 43089K [0x00000000c5800000, 0x0000000100000000)
  region size 1024K, 26 young (26624K), 1 survivors (1024K)
 Metaspace       used 28632K, committed 28928K, reserved 1114112K
  class space    used 3683K, committed 3840K, reserved 1048576K
}
Event: 28.587 GC heap after
{Heap after GC invocations=10 (full 0):
 garbage-first heap   total 61440K, used 20610K [0x00000000c5800000, 0x0000000100000000)
  region size 1024K, 3 young (3072K), 3 survivors (3072K)
 Metaspace       used 28632K, committed 28928K, reserved 1114112K
  class space    used 3683K, committed 3840K, reserved 1048576K
}
Event: 32.162 GC heap before
{Heap before GC invocations=10 (full 0):
 garbage-first heap   total 61440K, used 45186K [0x00000000c5800000, 0x0000000100000000)
  region size 1024K, 27 young (27648K), 3 survivors (3072K)
 Metaspace       used 32888K, committed 33280K, reserved 1114112K
  class space    used 4259K, committed 4416K, reserved 1048576K
}
Event: 32.189 GC heap after
{Heap after GC invocations=11 (full 0):
 garbage-first heap   total 61440K, used 22784K [0x00000000c5800000, 0x0000000100000000)
  region size 1024K, 3 young (3072K), 3 survivors (3072K)
 Metaspace       used 32888K, committed 33280K, reserved 1114112K
  class space    used 4259K, committed 4416K, reserved 1048576K
}
Event: 33.416 GC heap before
{Heap before GC invocations=11 (full 0):
 garbage-first heap   total 61440K, used 32000K [0x00000000c5800000, 0x0000000100000000)
  region size 1024K, 14 young (14336K), 3 survivors (3072K)
 Metaspace       used 35613K, committed 35968K, reserved 1114112K
  class space    used 4626K, committed 4800K, reserved 1048576K
}
Event: 33.446 GC heap after
{Heap after GC invocations=12 (full 0):
 garbage-first heap   total 61440K, used 23341K [0x00000000c5800000, 0x0000000100000000)
  region size 1024K, 1 young (1024K), 1 survivors (1024K)
 Metaspace       used 35613K, committed 35968K, reserved 1114112K
  class space    used 4626K, committed 4800K, reserved 1048576K
}
Event: 36.891 GC heap before
{Heap before GC invocations=13 (full 0):
 garbage-first heap   total 61440K, used 46893K [0x00000000c5800000, 0x0000000100000000)
  region size 1024K, 24 young (24576K), 1 survivors (1024K)
 Metaspace       used 41014K, committed 41472K, reserved 1114112K
  class space    used 5503K, committed 5760K, reserved 1048576K
}
Event: 36.902 GC heap after
{Heap after GC invocations=14 (full 0):
 garbage-first heap   total 61440K, used 24370K [0x00000000c5800000, 0x0000000100000000)
  region size 1024K, 2 young (2048K), 2 survivors (2048K)
 Metaspace       used 41014K, committed 41472K, reserved 1114112K
  class space    used 5503K, committed 5760K, reserved 1048576K
}

