# JRE version: OpenJDK Runtime Environment Microsoft-12574423 (17.0.17+10) (build 17.0.17+10-LTS)
# Java VM: OpenJDK 64-Bit Server VM Microsoft-12574423 (17.0.17+10-LTS, mixed mode, sharing, tiered, compressed oops, compressed class ptrs, g1 gc, windows-amd64)
GC Precious Log:
 CPUs: 4 total, 4 available
 Memory: 3743M
 Large Page Support: Disabled
 NUMA Support: Disabled
 Compressed Oops: Enabled (32-bit)
 Heap Region Size: 1M
 Heap Min Capacity: 8M
 Heap Initial Capacity: 60M
 Heap Max Capacity: 936M
 Pre-touch: Disabled
 Parallel Workers: 4
 Concurrent Workers: 1
 Concurrent Refinement Workers: 4
 Periodic GC: Disabled
Heap:
 garbage-first heap   total 87040K, used 44737K [0x00000000c5800000, 0x0000000100000000)
  region size 1024K, 1 young (1024K), 1 survivors (1024K)
 Metaspace       used 83487K, committed 84288K, reserved 1179648K
  class space    used 11120K, committed 11584K, reserved 1048576K
GC Heap History (20 events):
Event: 161.085 GC heap after
{Heap after GC invocations=40 (full 0):
 garbage-first heap   total 87040K, used 48418K [0x00000000c5800000, 0x0000000100000000)
  region size 1024K, 3 young (3072K), 3 survivors (3072K)
 Metaspace       used 81676K, committed 82432K, reserved 1179648K
  class space    used 11111K, committed 11456K, reserved 1048576K
}
Event: 161.134 GC heap before
{Heap before GC invocations=40 (full 0):
 garbage-first heap   total 87040K, used 49442K [0x00000000c5800000, 0x0000000100000000)
  region size 1024K, 4 young (4096K), 3 survivors (3072K)
 Metaspace       used 81684K, committed 82432K, reserved 1179648K
  class space    used 11111K, committed 11456K, reserved 1048576K
}
Event: 161.179 GC heap after
{Heap after GC invocations=41 (full 0):
 garbage-first heap   total 87040K, used 46729K [0x00000000c5800000, 0x0000000100000000)
  region size 1024K, 1 young (1024K), 1 survivors (1024K)
 Metaspace       used 81684K, committed 82432K, reserved 1179648K
  class space    used 11111K, committed 11456K, reserved 1048576K
}
Event: 212.379 GC heap before
{Heap before GC invocations=41 (full 0):
 garbage-first heap   total 87040K, used 70281K [0x00000000c5800000, 0x0000000100000000)
  region size 1024K, 25 young (25600K), 1 survivors (1024K)
 Metaspace       used 82235K, committed 83008K, reserved 1179648K
  class space    used 11144K, committed 11520K, reserved 1048576K
}
Event: 212.391 GC heap after
{Heap after GC invocations=42 (full 0):
 garbage-first heap   total 87040K, used 46722K [0x00000000c5800000, 0x0000000100000000)
  region size 1024K, 1 young (1024K), 1 survivors (1024K)
 Metaspace       used 82235K, committed 83008K, reserved 1179648K
  class space    used 11144K, committed 11520K, reserved 1048576K
}
Event: 1342.969 GC heap before
{Heap before GC invocations=43 (full 0):
 garbage-first heap   total 87040K, used 71298K [0x00000000c5800000, 0x0000000100000000)
  region size 1024K, 26 young (26624K), 1 survivors (1024K)
 Metaspace       used 82669K, committed 83520K, reserved 1179648K
  class space    used 11160K, committed 11584K, reserved 1048576K
}
Event: 1343.233 GC heap after
{Heap after GC invocations=44 (full 0):
 garbage-first heap   total 87040K, used 46940K [0x00000000c5800000, 0x0000000100000000)
  region size 1024K, 1 young (1024K), 1 survivors (1024K)
 Metaspace       used 82669K, committed 83520K, reserved 1179648K
  class space    used 11160K, committed 11584K, reserved 1048576K
}
Event: 1343.865 GC heap before
{Heap before GC invocations=44 (full 0):
 garbage-first heap   total 87040K, used 48988K [0x00000000c5800000, 0x0000000100000000)
  region size 1024K, 4 young (4096K), 1 survivors (1024K)
 Metaspace       used 82716K, committed 83520K, reserved 1179648K
  class space    used 11160K, committed 11584K, reserved 1048576K
}
Event: 1344.024 GC heap after
{Heap after GC invocations=45 (full 0):
 garbage-first heap   total 87040K, used 46454K [0x00000000c5800000, 0x0000000100000000)
  region size 1024K, 1 young (1024K), 1 survivors (1024K)
 Metaspace       used 82716K, committed 83520K, reserved 1179648K
  class space    used 11160K, committed 11584K, reserved 1048576K
}
Event: 1410.961 GC heap before
{Heap before GC invocations=45 (full 0):
 garbage-first heap   total 87040K, used 72054K [0x00000000c5800000, 0x0000000100000000)
  region size 1024K, 27 young (27648K), 1 survivors (1024K)
 Metaspace       used 83015K, committed 83904K, reserved 1179648K
  class space    used 11165K, committed 11584K, reserved 1048576K
}
Event: 1410.973 GC heap after
{Heap after GC invocations=46 (full 0):
 garbage-first heap   total 87040K, used 46501K [0x00000000c5800000, 0x0000000100000000)
  region size 1024K, 1 young (1024K), 1 survivors (1024K)
 Metaspace       used 83015K, committed 83904K, reserved 1179648K
  class space    used 11165K, committed 11584K, reserved 1048576K
}
Event: 1481.513 GC heap before
{Heap before GC invocations=46 (full 0):
 garbage-first heap   total 87040K, used 73125K [0x00000000c5800000, 0x0000000100000000)
  region size 1024K, 27 young (27648K), 1 survivors (1024K)
 Metaspace       used 83326K, committed 84160K, reserved 1179648K
  class space    used 11191K, committed 11584K, reserved 1048576K
}
Event: 1481.588 GC heap after
{Heap after GC invocations=47 (full 0):
 garbage-first heap   total 87040K, used 46620K [0x00000000c5800000, 0x0000000100000000)
  region size 1024K, 1 young (1024K), 1 survivors (1024K)
 Metaspace       used 83326K, committed 84160K, reserved 1179648K
  class space    used 11191K, committed 11584K, reserved 1048576K
}
Event: 3973.316 GC heap before
{Heap before GC invocations=48 (full 0):
 garbage-first heap   total 87040K, used 72220K [0x00000000c5800000, 0x0000000100000000)
  region size 1024K, 27 young (27648K), 1 survivors (1024K)
 Metaspace       used 83273K, committed 84224K, reserved 1179648K
  class space    used 11119K, committed 11584K, reserved 1048576K
}
Event: 3973.582 GC heap after
{Heap after GC invocations=49 (full 0):
 garbage-first heap   total 87040K, used 47253K [0x00000000c5800000, 0x0000000100000000)
  region size 1024K, 2 young (2048K), 2 survivors (2048K)
 Metaspace       used 83273K, committed 84224K, reserved 1179648K
  class space    used 11119K, committed 11584K, reserved 1048576K
}
Event: 3973.779 GC heap before
{Heap before GC invocations=49 (full 0):
 garbage-first heap   total 87040K, used 49301K [0x00000000c5800000, 0x0000000100000000)
  region size 1024K, 4 young (4096K), 2 survivors (2048K)
 Metaspace       used 83274K, committed 84224K, reserved 1179648K
  class space    used 11119K, committed 11584K, reserved 1048576K
}
Event: 3973.929 GC heap after
{Heap after GC invocations=50 (full 0):
 garbage-first heap   total 87040K, used 45940K [0x00000000c5800000, 0x0000000100000000)
  region size 1024K, 1 young (1024K), 1 survivors (1024K)
 Metaspace       used 83274K, committed 84224K, reserved 1179648K
  class space    used 11119K, committed 11584K, reserved 1048576K
}
Event: 3974.908 GC heap before
{Heap before GC invocations=50 (full 0):
 garbage-first heap   total 87040K, used 49012K [0x00000000c5800000, 0x0000000100000000)
  region size 1024K, 4 young (4096K), 1 survivors (1024K)
 Metaspace       used 83317K, committed 84224K, reserved 1179648K
  class space    used 11119K, committed 11584K, reserved 1048576K
}
Event: 3974.981 GC heap after
{Heap after GC invocations=51 (full 0):
 garbage-first heap   total 87040K, used 44750K [0x00000000c5800000, 0x0000000100000000)
  region size 1024K, 1 young (1024K), 1 survivors (1024K)
 Metaspace       used 83317K, committed 84224K, reserved 1179648K
  class space    used 11119K, committed 11584K, reserved 1048576K
}
Event: 4835.727 GC heap before
{Heap before GC invocations=51 (full 0):
 garbage-first heap   total 87040K, used 72398K [0x00000000c5800000, 0x0000000100000000)
  region size 1024K, 29 young (29696K), 1 survivors (1024K)
 Metaspace       used 83487K, committed 84288K, reserved 1179648K
  class space    used 11120K, committed 11584K, reserved 1048576K
}

