# JRE version: OpenJDK Runtime Environment Microsoft-12574423 (17.0.17+10) (build 17.0.17+10-LTS)
# Java VM: OpenJDK 64-Bit Server VM Microsoft-12574423 (17.0.17+10-LTS, mixed mode, sharing, tiered, compressed oops, compressed class ptrs, g1 gc, windows-amd64)
GC Precious Log:
 CPUs: 4 total, 4 available
 Memory: 3743M
 Large Page Support: Disabled
 NUMA Support: Disabled
 Compressed Oops: Enabled (32-bit)
 Heap Region Size: 1M
 Heap Min Capacity: 8M
 Heap Initial Capacity: 60M
 Heap Max Capacity: 936M
 Pre-touch: Disabled
 Parallel Workers: 4
 Concurrent Workers: 1
 Concurrent Refinement Workers: 4
 Periodic GC: Disabled
Heap:
 garbage-first heap   total 86016K, used 52501K [0x00000000c5800000, 0x0000000100000000)
  region size 1024K, 25 young (25600K), 1 survivors (1024K)
 Metaspace       used 59129K, committed 59712K, reserved 1114112K
  class space    used 7980K, committed 8256K, reserved 1048576K
GC Heap History (20 events):
Event: 7.585 GC heap before
{Heap before GC invocations=3 (full 0):
 garbage-first heap   total 61440K, used 34990K [0x00000000c5800000, 0x0000000100000000)
  region size 1024K, 28 young (28672K), 3 survivors (3072K)
 Metaspace       used 15599K, committed 15808K, reserved 1114112K
  class space    used 2021K, committed 2112K, reserved 1048576K
}
Event: 7.598 GC heap after
{Heap after GC invocations=4 (full 0):
 garbage-first heap   total 61440K, used 12563K [0x00000000c5800000, 0x0000000100000000)
  region size 1024K, 4 young (4096K), 4 survivors (4096K)
 Metaspace       used 15599K, committed 15808K, reserved 1114112K
  class space    used 2021K, committed 2112K, reserved 1048576K
}
Event: 8.791 GC heap before
{Heap before GC invocations=4 (full 0):
 garbage-first heap   total 61440K, used 38163K [0x00000000c5800000, 0x0000000100000000)
  region size 1024K, 30 young (30720K), 4 survivors (4096K)
 Metaspace       used 20105K, committed 20352K, reserved 1114112K
  class space    used 2573K, committed 2688K, reserved 1048576K
}
Event: 8.810 GC heap after
{Heap after GC invocations=5 (full 0):
 garbage-first heap   total 61440K, used 16275K [0x00000000c5800000, 0x0000000100000000)
  region size 1024K, 4 young (4096K), 4 survivors (4096K)
 Metaspace       used 20105K, committed 20352K, reserved 1114112K
  class space    used 2573K, committed 2688K, reserved 1048576K
}
Event: 9.499 GC heap before
{Heap before GC invocations=5 (full 0):
 garbage-first heap   total 61440K, used 23443K [0x00000000c5800000, 0x0000000100000000)
  region size 1024K, 13 young (13312K), 4 survivors (4096K)
 Metaspace       used 21197K, committed 21504K, reserved 1114112K
  class space    used 2689K, committed 2880K, reserved 1048576K
}
Event: 9.513 GC heap after
{Heap after GC invocations=6 (full 0):
 garbage-first heap   total 61440K, used 17336K [0x00000000c5800000, 0x0000000100000000)
  region size 1024K, 2 young (2048K), 2 survivors (2048K)
 Metaspace       used 21197K, committed 21504K, reserved 1114112K
  class space    used 2689K, committed 2880K, reserved 1048576K
}
Event: 11.501 GC heap before
{Heap before GC invocations=7 (full 0):
 garbage-first heap   total 61440K, used 41912K [0x00000000c5800000, 0x0000000100000000)
  region size 1024K, 26 young (26624K), 2 survivors (2048K)
 Metaspace       used 24207K, committed 24448K, reserved 1114112K
  class space    used 3068K, committed 3200K, reserved 1048576K
}
Event: 11.521 GC heap after
{Heap after GC invocations=8 (full 0):
 garbage-first heap   total 61440K, used 18709K [0x00000000c5800000, 0x0000000100000000)
  region size 1024K, 3 young (3072K), 3 survivors (3072K)
 Metaspace       used 24207K, committed 24448K, reserved 1114112K
  class space    used 3068K, committed 3200K, reserved 1048576K
}
Event: 11.612 GC heap before
{Heap before GC invocations=8 (full 0):
 garbage-first heap   total 61440K, used 19733K [0x00000000c5800000, 0x0000000100000000)
  region size 1024K, 4 young (4096K), 3 survivors (3072K)
 Metaspace       used 24346K, committed 24640K, reserved 1114112K
  class space    used 3086K, committed 3264K, reserved 1048576K
}
Event: 11.640 GC heap after
{Heap after GC invocations=9 (full 0):
 garbage-first heap   total 61440K, used 18962K [0x00000000c5800000, 0x0000000100000000)
  region size 1024K, 1 young (1024K), 1 survivors (1024K)
 Metaspace       used 24346K, committed 24640K, reserved 1114112K
  class space    used 3086K, committed 3264K, reserved 1048576K
}
Event: 14.103 GC heap before
{Heap before GC invocations=9 (full 0):
 garbage-first heap   total 61440K, used 43538K [0x00000000c5800000, 0x0000000100000000)
  region size 1024K, 25 young (25600K), 1 survivors (1024K)
 Metaspace       used 27926K, committed 28288K, reserved 1114112K
  class space    used 3596K, committed 3776K, reserved 1048576K
}
Event: 14.119 GC heap after
{Heap after GC invocations=10 (full 0):
 garbage-first heap   total 61440K, used 20804K [0x00000000c5800000, 0x0000000100000000)
  region size 1024K, 3 young (3072K), 3 survivors (3072K)
 Metaspace       used 27926K, committed 28288K, reserved 1114112K
  class space    used 3596K, committed 3776K, reserved 1048576K
}
Event: 16.581 GC heap before
{Heap before GC invocations=10 (full 0):
 garbage-first heap   total 61440K, used 44356K [0x00000000c5800000, 0x0000000100000000)
  region size 1024K, 26 young (26624K), 3 survivors (3072K)
 Metaspace       used 32521K, committed 32896K, reserved 1114112K
  class space    used 4193K, committed 4352K, reserved 1048576K
}
Event: 16.607 GC heap after
{Heap after GC invocations=11 (full 0):
 garbage-first heap   total 61440K, used 23029K [0x00000000c5800000, 0x0000000100000000)
  region size 1024K, 3 young (3072K), 3 survivors (3072K)
 Metaspace       used 32521K, committed 32896K, reserved 1114112K
  class space    used 4193K, committed 4352K, reserved 1048576K
}
Event: 17.998 GC heap before
{Heap before GC invocations=11 (full 0):
 garbage-first heap   total 61440K, used 36341K [0x00000000c5800000, 0x0000000100000000)
  region size 1024K, 18 young (18432K), 3 survivors (3072K)
 Metaspace       used 35675K, committed 36096K, reserved 1114112K
  class space    used 4630K, committed 4864K, reserved 1048576K
}
Event: 18.017 GC heap after
{Heap after GC invocations=12 (full 0):
 garbage-first heap   total 108544K, used 23898K [0x00000000c5800000, 0x0000000100000000)
  region size 1024K, 1 young (1024K), 1 survivors (1024K)
 Metaspace       used 35675K, committed 36096K, reserved 1114112K
  class space    used 4630K, committed 4864K, reserved 1048576K
}
Event: 23.037 GC heap before
{Heap before GC invocations=13 (full 0):
 garbage-first heap   total 86016K, used 77146K [0x00000000c5800000, 0x0000000100000000)
  region size 1024K, 53 young (54272K), 1 survivors (1024K)
 Metaspace       used 48600K, committed 49024K, reserved 1114112K
  class space    used 6450K, committed 6656K, reserved 1048576K
}
Event: 23.063 GC heap after
{Heap after GC invocations=14 (full 0):
 garbage-first heap   total 86016K, used 27880K [0x00000000c5800000, 0x0000000100000000)
  region size 1024K, 5 young (5120K), 5 survivors (5120K)
 Metaspace       used 48600K, committed 49024K, reserved 1114112K
  class space    used 6450K, committed 6656K, reserved 1048576K
}
Event: 25.235 GC heap before
{Heap before GC invocations=14 (full 0):
 garbage-first heap   total 86016K, used 62696K [0x00000000c5800000, 0x0000000100000000)
  region size 1024K, 39 young (39936K), 5 survivors (5120K)
 Metaspace       used 53496K, committed 54016K, reserved 1114112K
  class space    used 7234K, committed 7488K, reserved 1048576K
}
Event: 25.258 GC heap after
{Heap after GC invocations=15 (full 0):
 garbage-first heap   total 86016K, used 28949K [0x00000000c5800000, 0x0000000100000000)
  region size 1024K, 1 young (1024K), 1 survivors (1024K)
 Metaspace       used 53496K, committed 54016K, reserved 1114112K
  class space    used 7234K, committed 7488K, reserved 1048576K
}

