# JRE version: OpenJDK Runtime Environment Microsoft-12574423 (17.0.17+10) (build 17.0.17+10-LTS)
# Java VM: OpenJDK 64-Bit Server VM Microsoft-12574423 (17.0.17+10-LTS, mixed mode, sharing, tiered, compressed oops, compressed class ptrs, g1 gc, windows-amd64)
GC Precious Log:
 CPUs: 4 total, 4 available
 Memory: 3743M
 Large Page Support: Disabled
 NUMA Support: Disabled
 Compressed Oops: Enabled (32-bit)
 Heap Region Size: 1M
 Heap Min Capacity: 8M
 Heap Initial Capacity: 60M
 Heap Max Capacity: 936M
 Pre-touch: Disabled
 Parallel Workers: 4
 Concurrent Workers: 1
 Concurrent Refinement Workers: 4
 Periodic GC: Disabled
Heap:
 garbage-first heap   total 75776K, used 46960K [0x00000000c5800000, 0x0000000100000000)
  region size 1024K, 6 young (6144K), 2 survivors (2048K)
 Metaspace       used 74677K, committed 75328K, reserved 1114112K
  class space    used 10301K, committed 10624K, reserved 1048576K
GC Heap History (20 events):
Event: 36.872 GC heap before
{Heap before GC invocations=20 (full 0):
 garbage-first heap   total 73728K, used 59400K [0x00000000c5800000, 0x0000000100000000)
  region size 1024K, 26 young (26624K), 2 survivors (2048K)
 Metaspace       used 66074K, committed 66624K, reserved 1114112K
  class space    used 9204K, committed 9472K, reserved 1048576K
}
Event: 36.881 GC heap after
{Heap after GC invocations=21 (full 0):
 garbage-first heap   total 73728K, used 35795K [0x00000000c5800000, 0x0000000100000000)
  region size 1024K, 3 young (3072K), 3 survivors (3072K)
 Metaspace       used 66074K, committed 66624K, reserved 1114112K
  class space    used 9204K, committed 9472K, reserved 1048576K
}
Event: 37.594 GC heap before
{Heap before GC invocations=22 (full 0):
 garbage-first heap   total 73728K, used 59347K [0x00000000c5800000, 0x0000000100000000)
  region size 1024K, 26 young (26624K), 3 survivors (3072K)
 Metaspace       used 66093K, committed 66624K, reserved 1114112K
  class space    used 9209K, committed 9472K, reserved 1048576K
}
Event: 37.603 GC heap after
{Heap after GC invocations=23 (full 0):
 garbage-first heap   total 73728K, used 36648K [0x00000000c5800000, 0x0000000100000000)
  region size 1024K, 2 young (2048K), 2 survivors (2048K)
 Metaspace       used 66093K, committed 66624K, reserved 1114112K
  class space    used 9209K, committed 9472K, reserved 1048576K
}
Event: 38.852 GC heap before
{Heap before GC invocations=23 (full 0):
 garbage-first heap   total 73728K, used 59176K [0x00000000c5800000, 0x0000000100000000)
  region size 1024K, 24 young (24576K), 2 survivors (2048K)
 Metaspace       used 66095K, committed 66624K, reserved 1114112K
  class space    used 9209K, committed 9472K, reserved 1048576K
}
Event: 38.862 GC heap after
{Heap after GC invocations=24 (full 0):
 garbage-first heap   total 73728K, used 38326K [0x00000000c5800000, 0x0000000100000000)
  region size 1024K, 3 young (3072K), 3 survivors (3072K)
 Metaspace       used 66095K, committed 66624K, reserved 1114112K
  class space    used 9209K, committed 9472K, reserved 1048576K
}
Event: 40.011 GC heap before
{Heap before GC invocations=25 (full 0):
 garbage-first heap   total 73728K, used 59830K [0x00000000c5800000, 0x0000000100000000)
  region size 1024K, 24 young (24576K), 3 survivors (3072K)
 Metaspace       used 66182K, committed 66688K, reserved 1114112K
  class space    used 9225K, committed 9472K, reserved 1048576K
}
Event: 40.018 GC heap after
{Heap after GC invocations=26 (full 0):
 garbage-first heap   total 73728K, used 37377K [0x00000000c5800000, 0x0000000100000000)
  region size 1024K, 1 young (1024K), 1 survivors (1024K)
 Metaspace       used 66182K, committed 66688K, reserved 1114112K
  class space    used 9225K, committed 9472K, reserved 1048576K
}
Event: 40.333 GC heap before
{Heap before GC invocations=26 (full 0):
 garbage-first heap   total 73728K, used 59905K [0x00000000c5800000, 0x0000000100000000)
  region size 1024K, 23 young (23552K), 1 survivors (1024K)
 Metaspace       used 66305K, committed 66816K, reserved 1114112K
  class space    used 9229K, committed 9472K, reserved 1048576K
}
Event: 40.339 GC heap after
{Heap after GC invocations=27 (full 0):
 garbage-first heap   total 73728K, used 37687K [0x00000000c5800000, 0x0000000100000000)
  region size 1024K, 2 young (2048K), 2 survivors (2048K)
 Metaspace       used 66305K, committed 66816K, reserved 1114112K
  class space    used 9229K, committed 9472K, reserved 1048576K
}
Event: 41.018 GC heap before
{Heap before GC invocations=28 (full 0):
 garbage-first heap   total 73728K, used 60215K [0x00000000c5800000, 0x0000000100000000)
  region size 1024K, 24 young (24576K), 2 survivors (2048K)
 Metaspace       used 66452K, committed 66944K, reserved 1114112K
  class space    used 9241K, committed 9472K, reserved 1048576K
}
Event: 41.025 GC heap after
{Heap after GC invocations=29 (full 0):
 garbage-first heap   total 73728K, used 38161K [0x00000000c5800000, 0x0000000100000000)
  region size 1024K, 2 young (2048K), 2 survivors (2048K)
 Metaspace       used 66452K, committed 66944K, reserved 1114112K
  class space    used 9241K, committed 9472K, reserved 1048576K
}
Event: 41.761 GC heap before
{Heap before GC invocations=29 (full 0):
 garbage-first heap   total 73728K, used 60689K [0x00000000c5800000, 0x0000000100000000)
  region size 1024K, 24 young (24576K), 2 survivors (2048K)
 Metaspace       used 66920K, committed 67456K, reserved 1114112K
  class space    used 9275K, committed 9536K, reserved 1048576K
}
Event: 41.769 GC heap after
{Heap after GC invocations=30 (full 0):
 garbage-first heap   total 73728K, used 38903K [0x00000000c5800000, 0x0000000100000000)
  region size 1024K, 2 young (2048K), 2 survivors (2048K)
 Metaspace       used 66920K, committed 67456K, reserved 1114112K
  class space    used 9275K, committed 9536K, reserved 1048576K
}
Event: 43.897 GC heap before
{Heap before GC invocations=31 (full 0):
 garbage-first heap   total 75776K, used 61431K [0x00000000c5800000, 0x0000000100000000)
  region size 1024K, 24 young (24576K), 2 survivors (2048K)
 Metaspace       used 69508K, committed 70080K, reserved 1114112K
  class space    used 9617K, committed 9856K, reserved 1048576K
}
Event: 43.909 GC heap after
{Heap after GC invocations=32 (full 0):
 garbage-first heap   total 75776K, used 40310K [0x00000000c5800000, 0x0000000100000000)
  region size 1024K, 3 young (3072K), 3 survivors (3072K)
 Metaspace       used 69508K, committed 70080K, reserved 1114112K
  class space    used 9617K, committed 9856K, reserved 1048576K
}
Event: 46.582 GC heap before
{Heap before GC invocations=32 (full 0):
 garbage-first heap   total 75776K, used 62838K [0x00000000c5800000, 0x0000000100000000)
  region size 1024K, 25 young (25600K), 3 survivors (3072K)
 Metaspace       used 71706K, committed 72256K, reserved 1114112K
  class space    used 9922K, committed 10176K, reserved 1048576K
}
Event: 46.597 GC heap after
{Heap after GC invocations=33 (full 0):
 garbage-first heap   total 75776K, used 42645K [0x00000000c5800000, 0x0000000100000000)
  region size 1024K, 4 young (4096K), 4 survivors (4096K)
 Metaspace       used 71706K, committed 72256K, reserved 1114112K
  class space    used 9922K, committed 10176K, reserved 1048576K
}
Event: 48.699 GC heap before
{Heap before GC invocations=34 (full 0):
 garbage-first heap   total 75776K, used 61077K [0x00000000c5800000, 0x0000000100000000)
  region size 1024K, 23 young (23552K), 4 survivors (4096K)
 Metaspace       used 73868K, committed 74496K, reserved 1114112K
  class space    used 10195K, committed 10496K, reserved 1048576K
}
Event: 48.714 GC heap after
{Heap after GC invocations=35 (full 0):
 garbage-first heap   total 75776K, used 43888K [0x00000000c5800000, 0x0000000100000000)
  region size 1024K, 2 young (2048K), 2 survivors (2048K)
 Metaspace       used 73868K, committed 74496K, reserved 1114112K
  class space    used 10195K, committed 10496K, reserved 1048576K
}

