# JRE version: OpenJDK Runtime Environment Microsoft-12574423 (17.0.17+10) (build 17.0.17+10-LTS)
# Java VM: OpenJDK 64-Bit Server VM Microsoft-12574423 (17.0.17+10-LTS, mixed mode, sharing, tiered, compressed oops, compressed class ptrs, g1 gc, windows-amd64)
GC Precious Log:
 CPUs: 4 total, 4 available
 Memory: 3743M
 Large Page Support: Disabled
 NUMA Support: Disabled
 Compressed Oops: Enabled (32-bit)
 Heap Region Size: 1M
 Heap Min Capacity: 8M
 Heap Initial Capacity: 60M
 Heap Max Capacity: 936M
 Pre-touch: Disabled
 Parallel Workers: 4
 Concurrent Workers: 1
 Concurrent Refinement Workers: 4
 Periodic GC: Disabled
Heap:
 garbage-first heap   total 65536K, used 38094K [0x00000000c5800000, 0x0000000100000000)
  region size 1024K, 2 young (2048K), 2 survivors (2048K)
 Metaspace       used 66086K, committed 66624K, reserved 1114112K
  class space    used 9205K, committed 9472K, reserved 1048576K
GC Heap History (20 events):
Event: 38.789 GC heap after
{Heap after GC invocations=15 (full 0):
 garbage-first heap   total 61440K, used 28672K [0x00000000c5800000, 0x0000000100000000)
  region size 1024K, 1 young (1024K), 1 survivors (1024K)
 Metaspace       used 51923K, committed 52352K, reserved 1114112K
  class space    used 7025K, committed 7232K, reserved 1048576K
}
Event: 40.511 GC heap before
{Heap before GC invocations=15 (full 0):
 garbage-first heap   total 61440K, used 49152K [0x00000000c5800000, 0x0000000100000000)
  region size 1024K, 21 young (21504K), 1 survivors (1024K)
 Metaspace       used 53426K, committed 53952K, reserved 1114112K
  class space    used 7229K, committed 7488K, reserved 1048576K
}
Event: 40.521 GC heap after
{Heap after GC invocations=16 (full 0):
 garbage-first heap   total 61440K, used 28893K [0x00000000c5800000, 0x0000000100000000)
  region size 1024K, 2 young (2048K), 2 survivors (2048K)
 Metaspace       used 53426K, committed 53952K, reserved 1114112K
  class space    used 7229K, committed 7488K, reserved 1048576K
}
Event: 42.695 GC heap before
{Heap before GC invocations=16 (full 0):
 garbage-first heap   total 61440K, used 48349K [0x00000000c5800000, 0x0000000100000000)
  region size 1024K, 22 young (22528K), 2 survivors (2048K)
 Metaspace       used 57711K, committed 58240K, reserved 1114112K
  class space    used 7804K, committed 8064K, reserved 1048576K
}
Event: 42.710 GC heap after
{Heap after GC invocations=17 (full 0):
 garbage-first heap   total 61440K, used 30257K [0x00000000c5800000, 0x0000000100000000)
  region size 1024K, 3 young (3072K), 3 survivors (3072K)
 Metaspace       used 57711K, committed 58240K, reserved 1114112K
  class space    used 7804K, committed 8064K, reserved 1048576K
}
Event: 43.711 GC heap before
{Heap before GC invocations=17 (full 0):
 garbage-first heap   total 61440K, used 46641K [0x00000000c5800000, 0x0000000100000000)
  region size 1024K, 21 young (21504K), 3 survivors (3072K)
 Metaspace       used 59844K, committed 60288K, reserved 1114112K
  class space    used 8094K, committed 8320K, reserved 1048576K
}
Event: 43.727 GC heap after
{Heap after GC invocations=18 (full 0):
 garbage-first heap   total 61440K, used 31263K [0x00000000c5800000, 0x0000000100000000)
  region size 1024K, 3 young (3072K), 3 survivors (3072K)
 Metaspace       used 59844K, committed 60288K, reserved 1114112K
  class space    used 8094K, committed 8320K, reserved 1048576K
}
Event: 44.947 GC heap before
{Heap before GC invocations=19 (full 0):
 garbage-first heap   total 61440K, used 49695K [0x00000000c5800000, 0x0000000100000000)
  region size 1024K, 21 young (21504K), 3 survivors (3072K)
 Metaspace       used 62008K, committed 62528K, reserved 1114112K
  class space    used 8463K, committed 8704K, reserved 1048576K
}
Event: 44.957 GC heap after
{Heap after GC invocations=20 (full 0):
 garbage-first heap   total 61440K, used 32432K [0x00000000c5800000, 0x0000000100000000)
  region size 1024K, 3 young (3072K), 3 survivors (3072K)
 Metaspace       used 62008K, committed 62528K, reserved 1114112K
  class space    used 8463K, committed 8704K, reserved 1048576K
}
Event: 45.694 GC heap before
{Heap before GC invocations=21 (full 0):
 garbage-first heap   total 61440K, used 49840K [0x00000000c5800000, 0x0000000100000000)
  region size 1024K, 20 young (20480K), 3 survivors (3072K)
 Metaspace       used 64421K, committed 65024K, reserved 1114112K
  class space    used 9006K, committed 9280K, reserved 1048576K
}
Event: 45.705 GC heap after
{Heap after GC invocations=22 (full 0):
 garbage-first heap   total 61440K, used 34488K [0x00000000c5800000, 0x0000000100000000)
  region size 1024K, 3 young (3072K), 3 survivors (3072K)
 Metaspace       used 64421K, committed 65024K, reserved 1114112K
  class space    used 9006K, committed 9280K, reserved 1048576K
}
Event: 46.087 GC heap before
{Heap before GC invocations=22 (full 0):
 garbage-first heap   total 61440K, used 48824K [0x00000000c5800000, 0x0000000100000000)
  region size 1024K, 18 young (18432K), 3 survivors (3072K)
 Metaspace       used 65736K, committed 66304K, reserved 1114112K
  class space    used 9167K, committed 9408K, reserved 1048576K
}
Event: 46.103 GC heap after
{Heap after GC invocations=23 (full 0):
 garbage-first heap   total 61440K, used 35531K [0x00000000c5800000, 0x0000000100000000)
  region size 1024K, 1 young (1024K), 1 survivors (1024K)
 Metaspace       used 65736K, committed 66304K, reserved 1114112K
  class space    used 9167K, committed 9408K, reserved 1048576K
}
Event: 46.703 GC heap before
{Heap before GC invocations=24 (full 0):
 garbage-first heap   total 63488K, used 50891K [0x00000000c5800000, 0x0000000100000000)
  region size 1024K, 16 young (16384K), 1 survivors (1024K)
 Metaspace       used 65967K, committed 66560K, reserved 1114112K
  class space    used 9197K, committed 9472K, reserved 1048576K
}
Event: 46.711 GC heap after
{Heap after GC invocations=25 (full 0):
 garbage-first heap   total 63488K, used 36318K [0x00000000c5800000, 0x0000000100000000)
  region size 1024K, 2 young (2048K), 2 survivors (2048K)
 Metaspace       used 65967K, committed 66560K, reserved 1114112K
  class space    used 9197K, committed 9472K, reserved 1048576K
}
Event: 47.145 GC heap before
{Heap before GC invocations=25 (full 0):
 garbage-first heap   total 63488K, used 51678K [0x00000000c5800000, 0x0000000100000000)
  region size 1024K, 17 young (17408K), 2 survivors (2048K)
 Metaspace       used 66055K, committed 66624K, reserved 1114112K
  class space    used 9200K, committed 9472K, reserved 1048576K
}
Event: 47.152 GC heap after
{Heap after GC invocations=26 (full 0):
 garbage-first heap   total 63488K, used 36952K [0x00000000c5800000, 0x0000000100000000)
  region size 1024K, 2 young (2048K), 2 survivors (2048K)
 Metaspace       used 66055K, committed 66624K, reserved 1114112K
  class space    used 9200K, committed 9472K, reserved 1048576K
}
Event: 47.964 GC heap before
{Heap before GC invocations=27 (full 0):
 garbage-first heap   total 65536K, used 51288K [0x00000000c5800000, 0x0000000100000000)
  region size 1024K, 16 young (16384K), 2 survivors (2048K)
 Metaspace       used 66076K, committed 66624K, reserved 1114112K
  class space    used 9205K, committed 9472K, reserved 1048576K
}
Event: 47.969 GC heap after
{Heap after GC invocations=28 (full 0):
 garbage-first heap   total 65536K, used 36993K [0x00000000c5800000, 0x0000000100000000)
  region size 1024K, 1 young (1024K), 1 survivors (1024K)
 Metaspace       used 66076K, committed 66624K, reserved 1114112K
  class space    used 9205K, committed 9472K, reserved 1048576K
}
Event: 48.326 GC heap before
{Heap before GC invocations=28 (full 0):
 garbage-first heap   total 65536K, used 53377K [0x00000000c5800000, 0x0000000100000000)
  region size 1024K, 17 young (17408K), 1 survivors (1024K)
 Metaspace       used 66086K, committed 66624K, reserved 1114112K
  class space    used 9205K, committed 9472K, reserved 1048576K
}

