# JRE version: OpenJDK Runtime Environment Microsoft-12574423 (17.0.17+10) (build 17.0.17+10-LTS)
# Java VM: OpenJDK 64-Bit Server VM Microsoft-12574423 (17.0.17+10-LTS, mixed mode, sharing, tiered, compressed oops, compressed class ptrs, g1 gc, windows-amd64)
GC Precious Log:
 CPUs: 4 total, 4 available
 Memory: 3743M
 Large Page Support: Disabled
 NUMA Support: Disabled
 Compressed Oops: Enabled (32-bit)
 Heap Region Size: 1M
 Heap Min Capacity: 8M
 Heap Initial Capacity: 60M
 Heap Max Capacity: 936M
 Pre-touch: Disabled
 Parallel Workers: 4
 Concurrent Workers: 1
 Concurrent Refinement Workers: 4
 Periodic GC: Disabled
Heap:
 garbage-first heap   total 98304K, used 60566K [0x00000000c5800000, 0x0000000100000000)
  region size 1024K, 16 young (16384K), 1 survivors (1024K)
 Metaspace       used 81938K, committed 82752K, reserved 1179648K
  class space    used 11074K, committed 11456K, reserved 1048576K
GC Heap History (20 events):
Event: 28.881 GC heap before
{Heap before GC invocations=21 (full 0):
 garbage-first heap   total 81920K, used 66121K [0x00000000c5800000, 0x0000000100000000)
  region size 1024K, 32 young (32768K), 3 survivors (3072K)
 Metaspace       used 66070K, committed 66624K, reserved 1114112K
  class space    used 9208K, committed 9472K, reserved 1048576K
}
Event: 28.891 GC heap after
{Heap after GC invocations=22 (full 0):
 garbage-first heap   total 81920K, used 38746K [0x00000000c5800000, 0x0000000100000000)
  region size 1024K, 4 young (4096K), 4 survivors (4096K)
 Metaspace       used 66070K, committed 66624K, reserved 1114112K
  class space    used 9208K, committed 9472K, reserved 1048576K
}
Event: 29.273 GC heap before
{Heap before GC invocations=22 (full 0):
 garbage-first heap   total 81920K, used 65370K [0x00000000c5800000, 0x0000000100000000)
  region size 1024K, 30 young (30720K), 4 survivors (4096K)
 Metaspace       used 66186K, committed 66752K, reserved 1114112K
  class space    used 9224K, committed 9472K, reserved 1048576K
}
Event: 29.280 GC heap after
{Heap after GC invocations=23 (full 0):
 garbage-first heap   total 81920K, used 38685K [0x00000000c5800000, 0x0000000100000000)
  region size 1024K, 2 young (2048K), 2 survivors (2048K)
 Metaspace       used 66186K, committed 66752K, reserved 1114112K
  class space    used 9224K, committed 9472K, reserved 1048576K
}
Event: 29.691 GC heap before
{Heap before GC invocations=23 (full 0):
 garbage-first heap   total 81920K, used 66333K [0x00000000c5800000, 0x0000000100000000)
  region size 1024K, 29 young (29696K), 2 survivors (2048K)
 Metaspace       used 66329K, committed 66880K, reserved 1114112K
  class space    used 9230K, committed 9472K, reserved 1048576K
}
Event: 29.697 GC heap after
{Heap after GC invocations=24 (full 0):
 garbage-first heap   total 98304K, used 38251K [0x00000000c5800000, 0x0000000100000000)
  region size 1024K, 2 young (2048K), 2 survivors (2048K)
 Metaspace       used 66329K, committed 66880K, reserved 1114112K
  class space    used 9230K, committed 9472K, reserved 1048576K
}
Event: 30.482 GC heap before
{Heap before GC invocations=25 (full 0):
 garbage-first heap   total 98304K, used 78187K [0x00000000c5800000, 0x0000000100000000)
  region size 1024K, 41 young (41984K), 2 survivors (2048K)
 Metaspace       used 66876K, committed 67392K, reserved 1114112K
  class space    used 9274K, committed 9536K, reserved 1048576K
}
Event: 30.489 GC heap after
{Heap after GC invocations=26 (full 0):
 garbage-first heap   total 98304K, used 39139K [0x00000000c5800000, 0x0000000100000000)
  region size 1024K, 3 young (3072K), 3 survivors (3072K)
 Metaspace       used 66876K, committed 67392K, reserved 1114112K
  class space    used 9274K, committed 9536K, reserved 1048576K
}
Event: 32.648 GC heap before
{Heap before GC invocations=26 (full 0):
 garbage-first heap   total 98304K, used 79075K [0x00000000c5800000, 0x0000000100000000)
  region size 1024K, 42 young (43008K), 3 survivors (3072K)
 Metaspace       used 70904K, committed 71424K, reserved 1114112K
  class space    used 9817K, committed 10048K, reserved 1048576K
}
Event: 32.665 GC heap after
{Heap after GC invocations=27 (full 0):
 garbage-first heap   total 98304K, used 42279K [0x00000000c5800000, 0x0000000100000000)
  region size 1024K, 6 young (6144K), 6 survivors (6144K)
 Metaspace       used 70904K, committed 71424K, reserved 1114112K
  class space    used 9817K, committed 10048K, reserved 1048576K
}
Event: 45.939 GC heap before
{Heap before GC invocations=27 (full 0):
 garbage-first heap   total 98304K, used 78119K [0x00000000c5800000, 0x0000000100000000)
  region size 1024K, 42 young (43008K), 6 survivors (6144K)
 Metaspace       used 76437K, committed 76992K, reserved 1179648K
  class space    used 10539K, committed 10816K, reserved 1048576K
}
Event: 45.977 GC heap after
{Heap after GC invocations=28 (full 0):
 garbage-first heap   total 98304K, used 44864K [0x00000000c5800000, 0x0000000100000000)
  region size 1024K, 6 young (6144K), 6 survivors (6144K)
 Metaspace       used 76437K, committed 76992K, reserved 1179648K
  class space    used 10539K, committed 10816K, reserved 1048576K
}
Event: 70.071 GC heap before
{Heap before GC invocations=28 (full 0):
 garbage-first heap   total 98304K, used 79680K [0x00000000c5800000, 0x0000000100000000)
  region size 1024K, 40 young (40960K), 6 survivors (6144K)
 Metaspace       used 79787K, committed 80512K, reserved 1179648K
  class space    used 10943K, committed 11264K, reserved 1048576K
}
Event: 70.178 GC heap after
{Heap after GC invocations=29 (full 0):
 garbage-first heap   total 98304K, used 47043K [0x00000000c5800000, 0x0000000100000000)
  region size 1024K, 3 young (3072K), 3 survivors (3072K)
 Metaspace       used 79787K, committed 80512K, reserved 1179648K
  class space    used 10943K, committed 11264K, reserved 1048576K
}
Event: 107.711 GC heap before
{Heap before GC invocations=29 (full 0):
 garbage-first heap   total 98304K, used 78787K [0x00000000c5800000, 0x0000000100000000)
  region size 1024K, 35 young (35840K), 3 survivors (3072K)
 Metaspace       used 80615K, committed 81280K, reserved 1179648K
  class space    used 10963K, committed 11264K, reserved 1048576K
}
Event: 107.780 GC heap after
{Heap after GC invocations=30 (full 0):
 garbage-first heap   total 98304K, used 46669K [0x00000000c5800000, 0x0000000100000000)
  region size 1024K, 2 young (2048K), 2 survivors (2048K)
 Metaspace       used 80615K, committed 81280K, reserved 1179648K
  class space    used 10963K, committed 11264K, reserved 1048576K
}
Event: 128.721 GC heap before
{Heap before GC invocations=31 (full 0):
 garbage-first heap   total 98304K, used 80461K [0x00000000c5800000, 0x0000000100000000)
  region size 1024K, 35 young (35840K), 2 survivors (2048K)
 Metaspace       used 81568K, committed 82368K, reserved 1179648K
  class space    used 11047K, committed 11456K, reserved 1048576K
}
Event: 128.746 GC heap after
{Heap after GC invocations=32 (full 0):
 garbage-first heap   total 98304K, used 46975K [0x00000000c5800000, 0x0000000100000000)
  region size 1024K, 3 young (3072K), 3 survivors (3072K)
 Metaspace       used 81568K, committed 82368K, reserved 1179648K
  class space    used 11047K, committed 11456K, reserved 1048576K
}
Event: 140.701 GC heap before
{Heap before GC invocations=32 (full 0):
 garbage-first heap   total 98304K, used 46975K [0x00000000c5800000, 0x0000000100000000)
  region size 1024K, 4 young (4096K), 3 survivors (3072K)
 Metaspace       used 81768K, committed 82560K, reserved 1179648K
  class space    used 11071K, committed 11456K, reserved 1048576K
}
Event: 140.743 GC heap after
{Heap after GC invocations=33 (full 0):
 garbage-first heap   total 98304K, used 46230K [0x00000000c5800000, 0x0000000100000000)
  region size 1024K, 1 young (1024K), 1 survivors (1024K)
 Metaspace       used 81768K, committed 82560K, reserved 1179648K
  class space    used 11071K, committed 11456K, reserved 1048576K
}

