# JRE version: OpenJDK Runtime Environment Microsoft-12574423 (17.0.17+10) (build 17.0.17+10-LTS)
# Java VM: OpenJDK 64-Bit Server VM Microsoft-12574423 (17.0.17+10-LTS, mixed mode, sharing, tiered, compressed oops, compressed class ptrs, g1 gc, windows-amd64)
GC Precious Log:
 CPUs: 4 total, 4 available
 Memory: 3743M
 Large Page Support: Disabled
 NUMA Support: Disabled
 Compressed Oops: Enabled (32-bit)
 Heap Region Size: 1M
 Heap Min Capacity: 8M
 Heap Initial Capacity: 60M
 Heap Max Capacity: 936M
 Pre-touch: Disabled
 Parallel Workers: 4
 Concurrent Workers: 1
 Concurrent Refinement Workers: 4
 Periodic GC: Disabled
Heap:
 garbage-first heap   total 157696K, used 90705K [0x00000000c5800000, 0x0000000100000000)
  region size 1024K, 47 young (48128K), 1 survivors (1024K)
 Metaspace       used 86576K, committed 87488K, reserved 1179648K
  class space    used 11187K, committed 11648K, reserved 1048576K
GC Heap History (20 events):
Event: 6913.917 GC heap before
{Heap before GC invocations=56 (full 0):
 garbage-first heap   total 157696K, used 50460K [0x00000000c5800000, 0x0000000100000000)
  region size 1024K, 7 young (7168K), 1 survivors (1024K)
 Metaspace       used 83723K, committed 84416K, reserved 1179648K
  class space    used 11122K, committed 11456K, reserved 1048576K
}
Event: 6914.027 GC heap after
{Heap after GC invocations=57 (full 0):
 garbage-first heap   total 157696K, used 44214K [0x00000000c5800000, 0x0000000100000000)
  region size 1024K, 1 young (1024K), 1 survivors (1024K)
 Metaspace       used 83723K, committed 84416K, reserved 1179648K
  class space    used 11122K, committed 11456K, reserved 1048576K
}
Event: 10501.757 GC heap before
{Heap before GC invocations=57 (full 0):
 garbage-first heap   total 157696K, used 135350K [0x00000000c5800000, 0x0000000100000000)
  region size 1024K, 90 young (92160K), 1 survivors (1024K)
 Metaspace       used 84468K, committed 85248K, reserved 1179648K
  class space    used 11186K, committed 11584K, reserved 1048576K
}
Event: 10501.891 GC heap after
{Heap after GC invocations=58 (full 0):
 garbage-first heap   total 157696K, used 45495K [0x00000000c5800000, 0x0000000100000000)
  region size 1024K, 2 young (2048K), 2 survivors (2048K)
 Metaspace       used 84468K, committed 85248K, reserved 1179648K
  class space    used 11186K, committed 11584K, reserved 1048576K
}
Event: 10626.236 GC heap before
{Heap before GC invocations=58 (full 0):
 garbage-first heap   total 157696K, used 134583K [0x00000000c5800000, 0x0000000100000000)
  region size 1024K, 90 young (92160K), 2 survivors (2048K)
 Metaspace       used 85150K, committed 85952K, reserved 1179648K
  class space    used 11194K, committed 11584K, reserved 1048576K
}
Event: 10626.302 GC heap after
{Heap after GC invocations=59 (full 0):
 garbage-first heap   total 157696K, used 45247K [0x00000000c5800000, 0x0000000100000000)
  region size 1024K, 2 young (2048K), 2 survivors (2048K)
 Metaspace       used 85150K, committed 85952K, reserved 1179648K
  class space    used 11194K, committed 11584K, reserved 1048576K
}
Event: 10792.678 GC heap before
{Heap before GC invocations=59 (full 0):
 garbage-first heap   total 157696K, used 135359K [0x00000000c5800000, 0x0000000100000000)
  region size 1024K, 91 young (93184K), 2 survivors (2048K)
 Metaspace       used 85743K, committed 86592K, reserved 1179648K
  class space    used 11227K, committed 11648K, reserved 1048576K
}
Event: 10792.788 GC heap after
{Heap after GC invocations=60 (full 0):
 garbage-first heap   total 157696K, used 45491K [0x00000000c5800000, 0x0000000100000000)
  region size 1024K, 2 young (2048K), 2 survivors (2048K)
 Metaspace       used 85743K, committed 86592K, reserved 1179648K
  class space    used 11227K, committed 11648K, reserved 1048576K
}
Event: 72331.620 GC heap before
{Heap before GC invocations=61 (full 0):
 garbage-first heap   total 157696K, used 135603K [0x00000000c5800000, 0x0000000100000000)
  region size 1024K, 91 young (93184K), 2 survivors (2048K)
 Metaspace       used 86106K, committed 86976K, reserved 1179648K
  class space    used 11230K, committed 11648K, reserved 1048576K
}
Event: 72331.899 GC heap after
{Heap after GC invocations=62 (full 0):
 garbage-first heap   total 157696K, used 45884K [0x00000000c5800000, 0x0000000100000000)
  region size 1024K, 3 young (3072K), 3 survivors (3072K)
 Metaspace       used 86106K, committed 86976K, reserved 1179648K
  class space    used 11230K, committed 11648K, reserved 1048576K
}
Event: 72332.510 GC heap before
{Heap before GC invocations=62 (full 0):
 garbage-first heap   total 157696K, used 49980K [0x00000000c5800000, 0x0000000100000000)
  region size 1024K, 7 young (7168K), 3 survivors (3072K)
 Metaspace       used 86109K, committed 86976K, reserved 1179648K
  class space    used 11230K, committed 11648K, reserved 1048576K
}
Event: 72332.651 GC heap after
{Heap after GC invocations=63 (full 0):
 garbage-first heap   total 157696K, used 45054K [0x00000000c5800000, 0x0000000100000000)
  region size 1024K, 1 young (1024K), 1 survivors (1024K)
 Metaspace       used 86109K, committed 86976K, reserved 1179648K
  class space    used 11230K, committed 11648K, reserved 1048576K
}
Event: 74367.112 GC heap before
{Heap before GC invocations=63 (full 0):
 garbage-first heap   total 157696K, used 134142K [0x00000000c5800000, 0x0000000100000000)
  region size 1024K, 89 young (91136K), 1 survivors (1024K)
 Metaspace       used 86340K, committed 87168K, reserved 1179648K
  class space    used 11230K, committed 11648K, reserved 1048576K
}
Event: 74367.254 GC heap after
{Heap after GC invocations=64 (full 0):
 garbage-first heap   total 157696K, used 45581K [0x00000000c5800000, 0x0000000100000000)
  region size 1024K, 1 young (1024K), 1 survivors (1024K)
 Metaspace       used 86340K, committed 87168K, reserved 1179648K
  class space    used 11230K, committed 11648K, reserved 1048576K
}
Event: 74660.492 GC heap before
{Heap before GC invocations=64 (full 0):
 garbage-first heap   total 157696K, used 136717K [0x00000000c5800000, 0x0000000100000000)
  region size 1024K, 90 young (92160K), 1 survivors (1024K)
 Metaspace       used 86645K, committed 87424K, reserved 1179648K
  class space    used 11238K, committed 11648K, reserved 1048576K
}
Event: 74660.608 GC heap after
{Heap after GC invocations=65 (full 0):
 garbage-first heap   total 157696K, used 47043K [0x00000000c5800000, 0x0000000100000000)
  region size 1024K, 3 young (3072K), 3 survivors (3072K)
 Metaspace       used 86645K, committed 87424K, reserved 1179648K
  class space    used 11238K, committed 11648K, reserved 1048576K
}
Event: 74821.044 GC heap before
{Heap before GC invocations=66 (full 0):
 garbage-first heap   total 157696K, used 134083K [0x00000000c5800000, 0x0000000100000000)
  region size 1024K, 89 young (91136K), 3 survivors (3072K)
 Metaspace       used 86551K, committed 87488K, reserved 1179648K
  class space    used 11186K, committed 11648K, reserved 1048576K
}
Event: 74821.177 GC heap after
{Heap after GC invocations=67 (full 0):
 garbage-first heap   total 157696K, used 45739K [0x00000000c5800000, 0x0000000100000000)
  region size 1024K, 1 young (1024K), 1 survivors (1024K)
 Metaspace       used 86551K, committed 87488K, reserved 1179648K
  class space    used 11186K, committed 11648K, reserved 1048576K
}
Event: 74821.416 GC heap before
{Heap before GC invocations=67 (full 0):
 garbage-first heap   total 157696K, used 51883K [0x00000000c5800000, 0x0000000100000000)
  region size 1024K, 7 young (7168K), 1 survivors (1024K)
 Metaspace       used 86552K, committed 87488K, reserved 1179648K
  class space    used 11186K, committed 11648K, reserved 1048576K
}
Event: 74821.521 GC heap after
{Heap after GC invocations=68 (full 0):
 garbage-first heap   total 157696K, used 45649K [0x00000000c5800000, 0x0000000100000000)
  region size 1024K, 1 young (1024K), 1 survivors (1024K)
 Metaspace       used 86552K, committed 87488K, reserved 1179648K
  class space    used 11186K, committed 11648K, reserved 1048576K
}

