# JRE version: OpenJDK Runtime Environment Microsoft-12574423 (17.0.17+10) (build 17.0.17+10-LTS)
# Java VM: OpenJDK 64-Bit Server VM Microsoft-12574423 (17.0.17+10-LTS, mixed mode, sharing, tiered, compressed oops, compressed class ptrs, g1 gc, windows-amd64)
GC Precious Log:
 CPUs: 4 total, 4 available
 Memory: 3743M
 Large Page Support: Disabled
 NUMA Support: Disabled
 Compressed Oops: Enabled (32-bit)
 Heap Region Size: 1M
 Heap Min Capacity: 8M
 Heap Initial Capacity: 60M
 Heap Max Capacity: 936M
 Pre-touch: Disabled
 Parallel Workers: 4
 Concurrent Workers: 1
 Concurrent Refinement Workers: 4
 Periodic GC: Disabled
Heap:
 garbage-first heap   total 97280K, used 62662K [0x00000000c5800000, 0x0000000100000000)
  region size 1024K, 21 young (21504K), 3 survivors (3072K)
 Metaspace       used 79725K, committed 80448K, reserved 1179648K
  class space    used 10954K, committed 11328K, reserved 1048576K
GC Heap History (20 events):
Event: 43.627 GC heap before
{Heap before GC invocations=21 (full 0):
 garbage-first heap   total 73728K, used 59435K [0x00000000c5800000, 0x0000000100000000)
  region size 1024K, 28 young (28672K), 4 survivors (4096K)
 Metaspace       used 66031K, committed 66624K, reserved 1114112K
  class space    used 9199K, committed 9472K, reserved 1048576K
}
Event: 43.685 GC heap after
{Heap after GC invocations=22 (full 0):
 garbage-first heap   total 73728K, used 35730K [0x00000000c5800000, 0x0000000100000000)
  region size 1024K, 3 young (3072K), 3 survivors (3072K)
 Metaspace       used 66031K, committed 66624K, reserved 1114112K
  class space    used 9199K, committed 9472K, reserved 1048576K
}
Event: 44.770 GC heap before
{Heap before GC invocations=22 (full 0):
 garbage-first heap   total 73728K, used 59282K [0x00000000c5800000, 0x0000000100000000)
  region size 1024K, 26 young (26624K), 3 survivors (3072K)
 Metaspace       used 66087K, committed 66624K, reserved 1114112K
  class space    used 9205K, committed 9472K, reserved 1048576K
}
Event: 44.815 GC heap after
{Heap after GC invocations=23 (full 0):
 garbage-first heap   total 73728K, used 36897K [0x00000000c5800000, 0x0000000100000000)
  region size 1024K, 2 young (2048K), 2 survivors (2048K)
 Metaspace       used 66087K, committed 66624K, reserved 1114112K
  class space    used 9205K, committed 9472K, reserved 1048576K
}
Event: 46.966 GC heap before
{Heap before GC invocations=24 (full 0):
 garbage-first heap   total 73728K, used 59425K [0x00000000c5800000, 0x0000000100000000)
  region size 1024K, 24 young (24576K), 2 survivors (2048K)
 Metaspace       used 66094K, committed 66624K, reserved 1114112K
  class space    used 9205K, committed 9472K, reserved 1048576K
}
Event: 46.978 GC heap after
{Heap after GC invocations=25 (full 0):
 garbage-first heap   total 73728K, used 38616K [0x00000000c5800000, 0x0000000100000000)
  region size 1024K, 3 young (3072K), 3 survivors (3072K)
 Metaspace       used 66094K, committed 66624K, reserved 1114112K
  class space    used 9205K, committed 9472K, reserved 1048576K
}
Event: 48.076 GC heap before
{Heap before GC invocations=25 (full 0):
 garbage-first heap   total 73728K, used 59096K [0x00000000c5800000, 0x0000000100000000)
  region size 1024K, 23 young (23552K), 3 survivors (3072K)
 Metaspace       used 66151K, committed 66688K, reserved 1114112K
  class space    used 9217K, committed 9472K, reserved 1048576K
}
Event: 48.084 GC heap after
{Heap after GC invocations=26 (full 0):
 garbage-first heap   total 73728K, used 37693K [0x00000000c5800000, 0x0000000100000000)
  region size 1024K, 1 young (1024K), 1 survivors (1024K)
 Metaspace       used 66151K, committed 66688K, reserved 1114112K
  class space    used 9217K, committed 9472K, reserved 1048576K
}
Event: 48.809 GC heap before
{Heap before GC invocations=27 (full 0):
 garbage-first heap   total 73728K, used 59197K [0x00000000c5800000, 0x0000000100000000)
  region size 1024K, 22 young (22528K), 1 survivors (1024K)
 Metaspace       used 66179K, committed 66688K, reserved 1114112K
  class space    used 9222K, committed 9472K, reserved 1048576K
}
Event: 48.818 GC heap after
{Heap after GC invocations=28 (full 0):
 garbage-first heap   total 73728K, used 39526K [0x00000000c5800000, 0x0000000100000000)
  region size 1024K, 3 young (3072K), 3 survivors (3072K)
 Metaspace       used 66179K, committed 66688K, reserved 1114112K
  class space    used 9222K, committed 9472K, reserved 1048576K
}
Event: 49.215 GC heap before
{Heap before GC invocations=28 (full 0):
 garbage-first heap   total 73728K, used 58982K [0x00000000c5800000, 0x0000000100000000)
  region size 1024K, 22 young (22528K), 3 survivors (3072K)
 Metaspace       used 66312K, committed 66816K, reserved 1114112K
  class space    used 9228K, committed 9472K, reserved 1048576K
}
Event: 49.224 GC heap after
{Heap after GC invocations=29 (full 0):
 garbage-first heap   total 73728K, used 38305K [0x00000000c5800000, 0x0000000100000000)
  region size 1024K, 1 young (1024K), 1 survivors (1024K)
 Metaspace       used 66312K, committed 66816K, reserved 1114112K
  class space    used 9228K, committed 9472K, reserved 1048576K
}
Event: 49.668 GC heap before
{Heap before GC invocations=30 (full 0):
 garbage-first heap   total 80896K, used 59809K [0x00000000c5800000, 0x0000000100000000)
  region size 1024K, 22 young (22528K), 1 survivors (1024K)
 Metaspace       used 66483K, committed 67008K, reserved 1114112K
  class space    used 9243K, committed 9472K, reserved 1048576K
}
Event: 49.673 GC heap after
{Heap after GC invocations=31 (full 0):
 garbage-first heap   total 80896K, used 38693K [0x00000000c5800000, 0x0000000100000000)
  region size 1024K, 1 young (1024K), 1 survivors (1024K)
 Metaspace       used 66483K, committed 67008K, reserved 1114112K
  class space    used 9243K, committed 9472K, reserved 1048576K
}
Event: 50.923 GC heap before
{Heap before GC invocations=31 (full 0):
 garbage-first heap   total 80896K, used 66341K [0x00000000c5800000, 0x0000000100000000)
  region size 1024K, 28 young (28672K), 1 survivors (1024K)
 Metaspace       used 68375K, committed 68928K, reserved 1114112K
  class space    used 9445K, committed 9664K, reserved 1048576K
}
Event: 50.931 GC heap after
{Heap after GC invocations=32 (full 0):
 garbage-first heap   total 97280K, used 40169K [0x00000000c5800000, 0x0000000100000000)
  region size 1024K, 3 young (3072K), 3 survivors (3072K)
 Metaspace       used 68375K, committed 68928K, reserved 1114112K
  class space    used 9445K, committed 9664K, reserved 1048576K
}
Event: 55.268 GC heap before
{Heap before GC invocations=33 (full 0):
 garbage-first heap   total 97280K, used 78057K [0x00000000c5800000, 0x0000000100000000)
  region size 1024K, 40 young (40960K), 3 survivors (3072K)
 Metaspace       used 72406K, committed 72960K, reserved 1114112K
  class space    used 9994K, committed 10240K, reserved 1048576K
}
Event: 55.318 GC heap after
{Heap after GC invocations=34 (full 0):
 garbage-first heap   total 97280K, used 43463K [0x00000000c5800000, 0x0000000100000000)
  region size 1024K, 5 young (5120K), 5 survivors (5120K)
 Metaspace       used 72406K, committed 72960K, reserved 1114112K
  class space    used 9994K, committed 10240K, reserved 1048576K
}
Event: 143.012 GC heap before
{Heap before GC invocations=34 (full 0):
 garbage-first heap   total 97280K, used 78279K [0x00000000c5800000, 0x0000000100000000)
  region size 1024K, 39 young (39936K), 5 survivors (5120K)
 Metaspace       used 77624K, committed 78272K, reserved 1179648K
  class space    used 10717K, committed 11008K, reserved 1048576K
}
Event: 143.172 GC heap after
{Heap after GC invocations=35 (full 0):
 garbage-first heap   total 97280K, used 46278K [0x00000000c5800000, 0x0000000100000000)
  region size 1024K, 3 young (3072K), 3 survivors (3072K)
 Metaspace       used 77624K, committed 78272K, reserved 1179648K
  class space    used 10717K, committed 11008K, reserved 1048576K
}

