# JRE version: OpenJDK Runtime Environment Microsoft-13106358 (17.0.18+8) (build 17.0.18+8-LTS)
# Java VM: OpenJDK 64-Bit Server VM Microsoft-13106358 (17.0.18+8-LTS, mixed mode, sharing, tiered, compressed oops, compressed class ptrs, g1 gc, windows-amd64)
GC Precious Log:
 CPUs: 4 total, 4 available
 Memory: 7839M
 Large Page Support: Disabled
 NUMA Support: Disabled
 Compressed Oops: Enabled (32-bit)
 Heap Region Size: 1M
 Heap Min Capacity: 8M
 Heap Initial Capacity: 124M
 Heap Max Capacity: 1960M
 Pre-touch: Disabled
 Parallel Workers: 4
 Concurrent Workers: 1
 Concurrent Refinement Workers: 4
 Periodic GC: Disabled
Heap:
 garbage-first heap   total 109568K, used 71830K [0x0000000085800000, 0x0000000100000000)
  region size 1024K, 24 young (24576K), 6 survivors (6144K)
 Metaspace       used 84398K, committed 85440K, reserved 1179648K
  class space    used 11297K, committed 11776K, reserved 1048576K
GC Heap History (20 events):
Event: 63.018 GC heap before
{Heap before GC invocations=28 (full 0):
 garbage-first heap   total 80896K, used 60506K [0x0000000085800000, 0x0000000100000000)
  region size 1024K, 23 young (23552K), 3 survivors (3072K)
 Metaspace       used 67395K, committed 67904K, reserved 1114112K
  class space    used 9285K, committed 9536K, reserved 1048576K
}
Event: 63.027 GC heap after
{Heap after GC invocations=29 (full 0):
 garbage-first heap   total 80896K, used 40295K [0x0000000085800000, 0x0000000100000000)
  region size 1024K, 2 young (2048K), 2 survivors (2048K)
 Metaspace       used 67395K, committed 67904K, reserved 1114112K
  class space    used 9285K, committed 9536K, reserved 1048576K
}
Event: 63.649 GC heap before
{Heap before GC invocations=29 (full 0):
 garbage-first heap   total 80896K, used 67943K [0x0000000085800000, 0x0000000100000000)
  region size 1024K, 29 young (29696K), 2 survivors (2048K)
 Metaspace       used 67517K, committed 68032K, reserved 1114112K
  class space    used 9290K, committed 9536K, reserved 1048576K
}
Event: 63.657 GC heap after
{Heap after GC invocations=30 (full 0):
 garbage-first heap   total 80896K, used 41104K [0x0000000085800000, 0x0000000100000000)
  region size 1024K, 3 young (3072K), 3 survivors (3072K)
 Metaspace       used 67517K, committed 68032K, reserved 1114112K
  class space    used 9290K, committed 9536K, reserved 1048576K
}
Event: 64.450 GC heap before
{Heap before GC invocations=31 (full 0):
 garbage-first heap   total 80896K, used 67728K [0x0000000085800000, 0x0000000100000000)
  region size 1024K, 29 young (29696K), 3 survivors (3072K)
 Metaspace       used 67666K, committed 68224K, reserved 1114112K
  class space    used 9305K, committed 9600K, reserved 1048576K
}
Event: 64.465 GC heap after
{Heap after GC invocations=32 (full 0):
 garbage-first heap   total 80896K, used 42334K [0x0000000085800000, 0x0000000100000000)
  region size 1024K, 3 young (3072K), 3 survivors (3072K)
 Metaspace       used 67666K, committed 68224K, reserved 1114112K
  class space    used 9305K, committed 9600K, reserved 1048576K
}
Event: 65.016 GC heap before
{Heap before GC invocations=32 (full 0):
 garbage-first heap   total 80896K, used 67934K [0x0000000085800000, 0x0000000100000000)
  region size 1024K, 28 young (28672K), 3 survivors (3072K)
 Metaspace       used 67785K, committed 68416K, reserved 1114112K
  class space    used 9311K, committed 9600K, reserved 1048576K
}
Event: 65.024 GC heap after
{Heap after GC invocations=33 (full 0):
 garbage-first heap   total 80896K, used 42793K [0x0000000085800000, 0x0000000100000000)
  region size 1024K, 3 young (3072K), 3 survivors (3072K)
 Metaspace       used 67785K, committed 68416K, reserved 1114112K
  class space    used 9311K, committed 9600K, reserved 1048576K
}
Event: 65.609 GC heap before
{Heap before GC invocations=34 (full 0):
 garbage-first heap   total 91136K, used 67369K [0x0000000085800000, 0x0000000100000000)
  region size 1024K, 27 young (27648K), 3 survivors (3072K)
 Metaspace       used 67901K, committed 68480K, reserved 1114112K
  class space    used 9338K, committed 9600K, reserved 1048576K
}
Event: 65.617 GC heap after
{Heap after GC invocations=35 (full 0):
 garbage-first heap   total 91136K, used 42708K [0x0000000085800000, 0x0000000100000000)
  region size 1024K, 2 young (2048K), 2 survivors (2048K)
 Metaspace       used 67901K, committed 68480K, reserved 1114112K
  class space    used 9338K, committed 9600K, reserved 1048576K
}
Event: 66.998 GC heap before
{Heap before GC invocations=35 (full 0):
 garbage-first heap   total 91136K, used 76500K [0x0000000085800000, 0x0000000100000000)
  region size 1024K, 35 young (35840K), 2 survivors (2048K)
 Metaspace       used 68682K, committed 69248K, reserved 1114112K
  class space    used 9382K, committed 9664K, reserved 1048576K
}
Event: 67.010 GC heap after
{Heap after GC invocations=36 (full 0):
 garbage-first heap   total 109568K, used 44445K [0x0000000085800000, 0x0000000100000000)
  region size 1024K, 4 young (4096K), 4 survivors (4096K)
 Metaspace       used 68682K, committed 69248K, reserved 1114112K
  class space    used 9382K, committed 9664K, reserved 1048576K
}
Event: 70.778 GC heap before
{Heap before GC invocations=37 (full 0):
 garbage-first heap   total 109568K, used 90525K [0x0000000085800000, 0x0000000100000000)
  region size 1024K, 49 young (50176K), 4 survivors (4096K)
 Metaspace       used 69382K, committed 69952K, reserved 1114112K
  class space    used 9429K, committed 9728K, reserved 1048576K
}
Event: 70.791 GC heap after
{Heap after GC invocations=38 (full 0):
 garbage-first heap   total 109568K, used 45897K [0x0000000085800000, 0x0000000100000000)
  region size 1024K, 5 young (5120K), 5 survivors (5120K)
 Metaspace       used 69382K, committed 69952K, reserved 1114112K
  class space    used 9429K, committed 9728K, reserved 1048576K
}
Event: 75.281 GC heap before
{Heap before GC invocations=38 (full 0):
 garbage-first heap   total 109568K, used 90953K [0x0000000085800000, 0x0000000100000000)
  region size 1024K, 49 young (50176K), 5 survivors (5120K)
 Metaspace       used 74661K, committed 75200K, reserved 1114112K
  class space    used 10114K, committed 10368K, reserved 1048576K
}
Event: 75.304 GC heap after
{Heap after GC invocations=39 (full 0):
 garbage-first heap   total 109568K, used 49463K [0x0000000085800000, 0x0000000100000000)
  region size 1024K, 7 young (7168K), 7 survivors (7168K)
 Metaspace       used 74661K, committed 75200K, reserved 1114112K
  class space    used 10114K, committed 10368K, reserved 1048576K
}
Event: 154.054 GC heap before
{Heap before GC invocations=39 (full 0):
 garbage-first heap   total 109568K, used 90423K [0x0000000085800000, 0x0000000100000000)
  region size 1024K, 47 young (48128K), 7 survivors (7168K)
 Metaspace       used 80044K, committed 80640K, reserved 1179648K
  class space    used 10831K, committed 11136K, reserved 1048576K
}
Event: 154.142 GC heap after
{Heap after GC invocations=40 (full 0):
 garbage-first heap   total 109568K, used 51957K [0x0000000085800000, 0x0000000100000000)
  region size 1024K, 3 young (3072K), 3 survivors (3072K)
 Metaspace       used 80044K, committed 80640K, reserved 1179648K
  class space    used 10831K, committed 11136K, reserved 1048576K
}
Event: 1837.988 GC heap before
{Heap before GC invocations=40 (full 0):
 garbage-first heap   total 109568K, used 89845K [0x0000000085800000, 0x0000000100000000)
  region size 1024K, 41 young (41984K), 3 survivors (3072K)
 Metaspace       used 83519K, committed 84416K, reserved 1179648K
  class space    used 11220K, committed 11648K, reserved 1048576K
}
Event: 1838.296 GC heap after
{Heap after GC invocations=41 (full 0):
 garbage-first heap   total 109568K, used 54422K [0x0000000085800000, 0x0000000100000000)
  region size 1024K, 6 young (6144K), 6 survivors (6144K)
 Metaspace       used 83519K, committed 84416K, reserved 1179648K
  class space    used 11220K, committed 11648K, reserved 1048576K
}

