# JRE version: OpenJDK Runtime Environment Temurin-21.0.10+7 (21.0.10+7) (build 21.0.10+7-LTS)
# Java VM: OpenJDK 64-Bit Server VM Temurin-21.0.10+7 (21.0.10+7-LTS, mixed mode, sharing, tiered, compressed oops, compressed class ptrs, parallel gc, windows-amd64)
GC Precious Log:
 CardTable entry size: 512
 CPUs: 4 total, 4 available
 Memory: 7839M
 Large Page Support: Disabled
 NUMA Support: Disabled
 Compressed Oops: Enabled (32-bit)
 Alignments: Space 512K, Generation 512K, Heap 2M
 Heap Min Capacity: 100M
 Heap Initial Capacity: 100M
 Heap Max Capacity: 2G
 Pre-touch: Disabled
 Parallel Workers: 4
Heap:
 PSYoungGen      total 3072K, used 2332K [0x00000000d5580000, 0x00000000d5980000, 0x0000000100000000)
  eden space 2560K, 77% used [0x00000000d5580000,0x00000000d5771210,0x00000000d5800000)
  from space 512K, 67% used [0x00000000d5900000,0x00000000d5956048,0x00000000d5980000)
  to   space 512K, 0% used [0x00000000d5880000,0x00000000d5880000,0x00000000d5900000)
 ParOldGen       total 539136K, used 538737K [0x0000000080000000, 0x00000000a0e80000, 0x00000000d5580000)
  object space 539136K, 99% used [0x0000000080000000,0x00000000a0e1c530,0x00000000a0e80000)
 Metaspace       used 80496K, committed 82048K, reserved 1179648K
  class space    used 7753K, committed 8512K, reserved 1048576K
GC Heap History (20 events):
Event: 184134.420 GC heap before
{Heap before GC invocations=30221 (full 9):
 PSYoungGen      total 3072K, used 2976K [0x00000000d5580000, 0x00000000d5980000, 0x0000000100000000)
  eden space 2560K, 100% used [0x00000000d5580000,0x00000000d5800000,0x00000000d5800000)
  from space 512K, 81% used [0x00000000d5900000,0x00000000d5968000,0x00000000d5980000)
  to   space 512K, 0% used [0x00000000d5880000,0x00000000d5880000,0x00000000d5900000)
 ParOldGen       total 538112K, used 537888K [0x0000000080000000, 0x00000000a0d80000, 0x00000000d5580000)
  object space 538112K, 99% used [0x0000000080000000,0x00000000a0d48298,0x00000000a0d80000)
 Metaspace       used 80496K, committed 82048K, reserved 1179648K
  class space    used 7753K, committed 8512K, reserved 1048576K
}
Event: 184134.426 GC heap after
{Heap after GC invocations=30221 (full 9):
 PSYoungGen      total 3072K, used 416K [0x00000000d5580000, 0x00000000d5980000, 0x0000000100000000)
  eden space 2560K, 0% used [0x00000000d5580000,0x00000000d5580000,0x00000000d5800000)
  from space 512K, 81% used [0x00000000d5880000,0x00000000d58e8000,0x00000000d5900000)
  to   space 512K, 0% used [0x00000000d5900000,0x00000000d5900000,0x00000000d5980000)
 ParOldGen       total 538112K, used 537976K [0x0000000080000000, 0x00000000a0d80000, 0x00000000d5580000)
  object space 538112K, 99% used [0x0000000080000000,0x00000000a0d5e298,0x00000000a0d80000)
 Metaspace       used 80496K, committed 82048K, reserved 1179648K
  class space    used 7753K, committed 8512K, reserved 1048576K
}
Event: 184134.460 GC heap before
{Heap before GC invocations=30222 (full 9):
 PSYoungGen      total 3072K, used 2976K [0x00000000d5580000, 0x00000000d5980000, 0x0000000100000000)
  eden space 2560K, 100% used [0x00000000d5580000,0x00000000d5800000,0x00000000d5800000)
  from space 512K, 81% used [0x00000000d5880000,0x00000000d58e8000,0x00000000d5900000)
  to   space 512K, 0% used [0x00000000d5900000,0x00000000d5900000,0x00000000d5980000)
 ParOldGen       total 538112K, used 537976K [0x0000000080000000, 0x00000000a0d80000, 0x00000000d5580000)
  object space 538112K, 99% used [0x0000000080000000,0x00000000a0d5e298,0x00000000a0d80000)
 Metaspace       used 80496K, committed 82048K, reserved 1179648K
  class space    used 7753K, committed 8512K, reserved 1048576K
}
Event: 184134.465 GC heap after
{Heap after GC invocations=30222 (full 9):
 PSYoungGen      total 3072K, used 480K [0x00000000d5580000, 0x00000000d5980000, 0x0000000100000000)
  eden space 2560K, 0% used [0x00000000d5580000,0x00000000d5580000,0x00000000d5800000)
  from space 512K, 93% used [0x00000000d5900000,0x00000000d5978000,0x00000000d5980000)
  to   space 512K, 0% used [0x00000000d5880000,0x00000000d5880000,0x00000000d5900000)
 ParOldGen       total 538112K, used 538016K [0x0000000080000000, 0x00000000a0d80000, 0x00000000d5580000)
  object space 538112K, 99% used [0x0000000080000000,0x00000000a0d68298,0x00000000a0d80000)
 Metaspace       used 80496K, committed 82048K, reserved 1179648K
  class space    used 7753K, committed 8512K, reserved 1048576K
}
Event: 184135.118 GC heap before
{Heap before GC invocations=30223 (full 9):
 PSYoungGen      total 3072K, used 3040K [0x00000000d5580000, 0x00000000d5980000, 0x0000000100000000)
  eden space 2560K, 100% used [0x00000000d5580000,0x00000000d5800000,0x00000000d5800000)
  from space 512K, 93% used [0x00000000d5900000,0x00000000d5978000,0x00000000d5980000)
  to   space 512K, 0% used [0x00000000d5880000,0x00000000d5880000,0x00000000d5900000)
 ParOldGen       total 538112K, used 538016K [0x0000000080000000, 0x00000000a0d80000, 0x00000000d5580000)
  object space 538112K, 99% used [0x0000000080000000,0x00000000a0d68298,0x00000000a0d80000)
 Metaspace       used 80496K, committed 82048K, reserved 1179648K
  class space    used 7753K, committed 8512K, reserved 1048576K
}
Event: 184135.132 GC heap after
{Heap after GC invocations=30223 (full 9):
 PSYoungGen      total 3072K, used 192K [0x00000000d5580000, 0x00000000d5980000, 0x0000000100000000)
  eden space 2560K, 0% used [0x00000000d5580000,0x00000000d5580000,0x00000000d5800000)
  from space 512K, 37% used [0x00000000d5880000,0x00000000d58b0000,0x00000000d5900000)
  to   space 512K, 0% used [0x00000000d5900000,0x00000000d5900000,0x00000000d5980000)
 ParOldGen       total 538112K, used 538063K [0x0000000080000000, 0x00000000a0d80000, 0x00000000d5580000)
  object space 538112K, 99% used [0x0000000080000000,0x00000000a0d73f98,0x00000000a0d80000)
 Metaspace       used 80496K, committed 82048K, reserved 1179648K
  class space    used 7753K, committed 8512K, reserved 1048576K
}
Event: 184135.276 GC heap before
{Heap before GC invocations=30224 (full 9):
 PSYoungGen      total 3072K, used 2752K [0x00000000d5580000, 0x00000000d5980000, 0x0000000100000000)
  eden space 2560K, 100% used [0x00000000d5580000,0x00000000d5800000,0x00000000d5800000)
  from space 512K, 37% used [0x00000000d5880000,0x00000000d58b0000,0x00000000d5900000)
  to   space 512K, 0% used [0x00000000d5900000,0x00000000d5900000,0x00000000d5980000)
 ParOldGen       total 538112K, used 538063K [0x0000000080000000, 0x00000000a0d80000, 0x00000000d5580000)
  object space 538112K, 99% used [0x0000000080000000,0x00000000a0d73f98,0x00000000a0d80000)
 Metaspace       used 80496K, committed 82048K, reserved 1179648K
  class space    used 7753K, committed 8512K, reserved 1048576K
}
Event: 184135.281 GC heap after
{Heap after GC invocations=30224 (full 9):
 PSYoungGen      total 3072K, used 416K [0x00000000d5580000, 0x00000000d5980000, 0x0000000100000000)
  eden space 2560K, 0% used [0x00000000d5580000,0x00000000d5580000,0x00000000d5800000)
  from space 512K, 81% used [0x00000000d5900000,0x00000000d5968000,0x00000000d5980000)
  to   space 512K, 0% used [0x00000000d5880000,0x00000000d5880000,0x00000000d5900000)
 ParOldGen       total 538112K, used 538109K [0x0000000080000000, 0x00000000a0d80000, 0x00000000d5580000)
  object space 538112K, 99% used [0x0000000080000000,0x00000000a0d7f4d8,0x00000000a0d80000)
 Metaspace       used 80496K, committed 82048K, reserved 1179648K
  class space    used 7753K, committed 8512K, reserved 1048576K
}
Event: 184135.911 GC heap before
{Heap before GC invocations=30225 (full 9):
 PSYoungGen      total 3072K, used 2976K [0x00000000d5580000, 0x00000000d5980000, 0x0000000100000000)
  eden space 2560K, 100% used [0x00000000d5580000,0x00000000d5800000,0x00000000d5800000)
  from space 512K, 81% used [0x00000000d5900000,0x00000000d5968000,0x00000000d5980000)
  to   space 512K, 0% used [0x00000000d5880000,0x00000000d5880000,0x00000000d5900000)
 ParOldGen       total 538112K, used 538109K [0x0000000080000000, 0x00000000a0d80000, 0x00000000d5580000)
  object space 538112K, 99% used [0x0000000080000000,0x00000000a0d7f4d8,0x00000000a0d80000)
 Metaspace       used 80496K, committed 82048K, reserved 1179648K
  class space    used 7753K, committed 8512K, reserved 1048576K
}
Event: 184135.917 GC heap after
{Heap after GC invocations=30225 (full 9):
 PSYoungGen      total 3072K, used 352K [0x00000000d5580000, 0x00000000d5980000, 0x0000000100000000)
  eden space 2560K, 0% used [0x00000000d5580000,0x00000000d5580000,0x00000000d5800000)
  from space 512K, 68% used [0x00000000d5880000,0x00000000d58d8000,0x00000000d5900000)
  to   space 512K, 0% used [0x00000000d5900000,0x00000000d5900000,0x00000000d5980000)
 ParOldGen       total 538624K, used 538429K [0x0000000080000000, 0x00000000a0e00000, 0x00000000d5580000)
  object space 538624K, 99% used [0x0000000080000000,0x00000000a0dcf4d8,0x00000000a0e00000)
 Metaspace       used 80496K, committed 82048K, reserved 1179648K
  class space    used 7753K, committed 8512K, reserved 1048576K
}
Event: 184135.968 GC heap before
{Heap before GC invocations=30226 (full 9):
 PSYoungGen      total 3072K, used 2912K [0x00000000d5580000, 0x00000000d5980000, 0x0000000100000000)
  eden space 2560K, 100% used [0x00000000d5580000,0x00000000d5800000,0x00000000d5800000)
  from space 512K, 68% used [0x00000000d5880000,0x00000000d58d8000,0x00000000d5900000)
  to   space 512K, 0% used [0x00000000d5900000,0x00000000d5900000,0x00000000d5980000)
 ParOldGen       total 538624K, used 538429K [0x0000000080000000, 0x00000000a0e00000, 0x00000000d5580000)
  object space 538624K, 99% used [0x0000000080000000,0x00000000a0dcf4d8,0x00000000a0e00000)
 Metaspace       used 80496K, committed 82048K, reserved 1179648K
  class space    used 7753K, committed 8512K, reserved 1048576K
}
Event: 184135.978 GC heap after
{Heap after GC invocations=30226 (full 9):
 PSYoungGen      total 3072K, used 96K [0x00000000d5580000, 0x00000000d5980000, 0x0000000100000000)
  eden space 2560K, 0% used [0x00000000d5580000,0x00000000d5580000,0x00000000d5800000)
  from space 512K, 18% used [0x00000000d5900000,0x00000000d5918000,0x00000000d5980000)
  to   space 512K, 0% used [0x00000000d5880000,0x00000000d5880000,0x00000000d5900000)
 ParOldGen       total 539136K, used 538676K [0x0000000080000000, 0x00000000a0e80000, 0x00000000d5580000)
  object space 539136K, 99% used [0x0000000080000000,0x00000000a0e0d1d8,0x00000000a0e80000)
 Metaspace       used 80496K, committed 82048K, reserved 1179648K
  class space    used 7753K, committed 8512K, reserved 1048576K
}
Event: 184136.002 GC heap before
{Heap before GC invocations=30227 (full 9):
 PSYoungGen      total 3072K, used 2656K [0x00000000d5580000, 0x00000000d5980000, 0x0000000100000000)
  eden space 2560K, 100% used [0x00000000d5580000,0x00000000d5800000,0x00000000d5800000)
  from space 512K, 18% used [0x00000000d5900000,0x00000000d5918000,0x00000000d5980000)
  to   space 512K, 0% used [0x00000000d5880000,0x00000000d5880000,0x00000000d5900000)
 ParOldGen       total 539136K, used 538676K [0x0000000080000000, 0x00000000a0e80000, 0x00000000d5580000)
  object space 539136K, 99% used [0x0000000080000000,0x00000000a0e0d1d8,0x00000000a0e80000)
 Metaspace       used 80496K, committed 82048K, reserved 1179648K
  class space    used 7753K, committed 8512K, reserved 1048576K
}
Event: 184136.009 GC heap after
{Heap after GC invocations=30227 (full 9):
 PSYoungGen      total 3072K, used 96K [0x00000000d5580000, 0x00000000d5980000, 0x0000000100000000)
  eden space 2560K, 0% used [0x00000000d5580000,0x00000000d5580000,0x00000000d5800000)
  from space 512K, 18% used [0x00000000d5880000,0x00000000d5898000,0x00000000d5900000)
  to   space 512K, 0% used [0x00000000d5900000,0x00000000d5900000,0x00000000d5980000)
 ParOldGen       total 539136K, used 538692K [0x0000000080000000, 0x00000000a0e80000, 0x00000000d5580000)
  object space 539136K, 99% used [0x0000000080000000,0x00000000a0e111d8,0x00000000a0e80000)
 Metaspace       used 80496K, committed 82048K, reserved 1179648K
  class space    used 7753K, committed 8512K, reserved 1048576K
}
Event: 184136.075 GC heap before
{Heap before GC invocations=30228 (full 9):
 PSYoungGen      total 3072K, used 2656K [0x00000000d5580000, 0x00000000d5980000, 0x0000000100000000)
  eden space 2560K, 100% used [0x00000000d5580000,0x00000000d5800000,0x00000000d5800000)
  from space 512K, 18% used [0x00000000d5880000,0x00000000d5898000,0x00000000d5900000)
  to   space 512K, 0% used [0x00000000d5900000,0x00000000d5900000,0x00000000d5980000)
 ParOldGen       total 539136K, used 538692K [0x0000000080000000, 0x00000000a0e80000, 0x00000000d5580000)
  object space 539136K, 99% used [0x0000000080000000,0x00000000a0e111d8,0x00000000a0e80000)
 Metaspace       used 80496K, committed 82048K, reserved 1179648K
  class space    used 7753K, committed 8512K, reserved 1048576K
}
Event: 184136.101 GC heap after
{Heap after GC invocations=30228 (full 9):
 PSYoungGen      total 3072K, used 128K [0x00000000d5580000, 0x00000000d5980000, 0x0000000100000000)
  eden space 2560K, 0% used [0x00000000d5580000,0x00000000d5580000,0x00000000d5800000)
  from space 512K, 25% used [0x00000000d5900000,0x00000000d5920000,0x00000000d5980000)
  to   space 512K, 0% used [0x00000000d5880000,0x00000000d5880000,0x00000000d5900000)
 ParOldGen       total 539136K, used 538716K [0x0000000080000000, 0x00000000a0e80000, 0x00000000d5580000)
  object space 539136K, 99% used [0x0000000080000000,0x00000000a0e171d8,0x00000000a0e80000)
 Metaspace       used 80496K, committed 82048K, reserved 1179648K
  class space    used 7753K, committed 8512K, reserved 1048576K
}
Event: 184136.562 GC heap before
{Heap before GC invocations=30229 (full 9):
 PSYoungGen      total 3072K, used 2688K [0x00000000d5580000, 0x00000000d5980000, 0x0000000100000000)
  eden space 2560K, 100% used [0x00000000d5580000,0x00000000d5800000,0x00000000d5800000)
  from space 512K, 25% used [0x00000000d5900000,0x00000000d5920000,0x00000000d5980000)
  to   space 512K, 0% used [0x00000000d5880000,0x00000000d5880000,0x00000000d5900000)
 ParOldGen       total 539136K, used 538716K [0x0000000080000000, 0x00000000a0e80000, 0x00000000d5580000)
  object space 539136K, 99% used [0x0000000080000000,0x00000000a0e171d8,0x00000000a0e80000)
 Metaspace       used 80496K, committed 82048K, reserved 1179648K
  class space    used 7753K, committed 8512K, reserved 1048576K
}
Event: 184136.567 GC heap after
{Heap after GC invocations=30229 (full 9):
 PSYoungGen      total 3072K, used 96K [0x00000000d5580000, 0x00000000d5980000, 0x0000000100000000)
  eden space 2560K, 0% used [0x00000000d5580000,0x00000000d5580000,0x00000000d5800000)
  from space 512K, 18% used [0x00000000d5880000,0x00000000d5898000,0x00000000d5900000)
  to   space 512K, 0% used [0x00000000d5900000,0x00000000d5900000,0x00000000d5980000)
 ParOldGen       total 539136K, used 538737K [0x0000000080000000, 0x00000000a0e80000, 0x00000000d5580000)
  object space 539136K, 99% used [0x0000000080000000,0x00000000a0e1c530,0x00000000a0e80000)
 Metaspace       used 80496K, committed 82048K, reserved 1179648K
  class space    used 7753K, committed 8512K, reserved 1048576K
}
Event: 184136.684 GC heap before
{Heap before GC invocations=30230 (full 9):
 PSYoungGen      total 3072K, used 2656K [0x00000000d5580000, 0x00000000d5980000, 0x0000000100000000)
  eden space 2560K, 100% used [0x00000000d5580000,0x00000000d5800000,0x00000000d5800000)
  from space 512K, 18% used [0x00000000d5880000,0x00000000d5898000,0x00000000d5900000)
  to   space 512K, 0% used [0x00000000d5900000,0x00000000d5900000,0x00000000d5980000)
 ParOldGen       total 539136K, used 538737K [0x0000000080000000, 0x00000000a0e80000, 0x00000000d5580000)
  object space 539136K, 99% used [0x0000000080000000,0x00000000a0e1c530,0x00000000a0e80000)
 Metaspace       used 80496K, committed 82048K, reserved 1179648K
  class space    used 7753K, committed 8512K, reserved 1048576K
}
Event: 184136.693 GC heap after
{Heap after GC invocations=30230 (full 9):
 PSYoungGen      total 3072K, used 344K [0x00000000d5580000, 0x00000000d5980000, 0x0000000100000000)
  eden space 2560K, 0% used [0x00000000d5580000,0x00000000d5580000,0x00000000d5800000)
  from space 512K, 67% used [0x00000000d5900000,0x00000000d5956048,0x00000000d5980000)
  to   space 512K, 0% used [0x00000000d5880000,0x00000000d5880000,0x00000000d5900000)
 ParOldGen       total 539136K, used 538737K [0x0000000080000000, 0x00000000a0e80000, 0x00000000d5580000)
  object space 539136K, 99% used [0x0000000080000000,0x00000000a0e1c530,0x00000000a0e80000)
 Metaspace       used 80496K, committed 82048K, reserved 1179648K
  class space    used 7753K, committed 8512K, reserved 1048576K
}

