# JRE version: OpenJDK Runtime Environment Temurin-21.0.10+7 (21.0.10+7) (build 21.0.10+7-LTS)
# Java VM: OpenJDK 64-Bit Server VM Temurin-21.0.10+7 (21.0.10+7-LTS, mixed mode, sharing, tiered, compressed oops, compressed class ptrs, parallel gc, windows-amd64)
GC Precious Log:
 CardTable entry size: 512
 CPUs: 4 total, 4 available
 Memory: 7839M
 Large Page Support: Disabled
 NUMA Support: Disabled
 Compressed Oops: Enabled (32-bit)
 Alignments: Space 512K, Generation 512K, Heap 2M
 Heap Min Capacity: 100M
 Heap Initial Capacity: 100M
 Heap Max Capacity: 2G
 Pre-touch: Disabled
 Parallel Workers: 4
Heap:
 PSYoungGen      total 4096K, used 3631K [0x00000000d5580000, 0x00000000d5a80000, 0x0000000100000000)
  eden space 3584K, 96% used [0x00000000d5580000,0x00000000d58e3d98,0x00000000d5900000)
  from space 512K, 31% used [0x00000000d5a00000,0x00000000d5a28000,0x00000000d5a80000)
  to   space 512K, 0% used [0x00000000d5980000,0x00000000d5980000,0x00000000d5a00000)
 ParOldGen       total 157696K, used 151703K [0x0000000080000000, 0x0000000089a00000, 0x00000000d5580000)
  object space 157696K, 96% used [0x0000000080000000,0x0000000089425c08,0x0000000089a00000)
 Metaspace       used 67186K, committed 68800K, reserved 1114112K
  class space    used 6910K, committed 7616K, reserved 1048576K
GC Heap History (20 events):
Event: 5979.372 GC heap before
{Heap before GC invocations=294 (full 3):
 PSYoungGen      total 4608K, used 4190K [0x00000000d5580000, 0x00000000d5b00000, 0x0000000100000000)
  eden space 3584K, 100% used [0x00000000d5580000,0x00000000d5900000,0x00000000d5900000)
  from space 1024K, 59% used [0x00000000d5a00000,0x00000000d5a97828,0x00000000d5b00000)
  to   space 1024K, 0% used [0x00000000d5900000,0x00000000d5900000,0x00000000d5a00000)
 ParOldGen       total 157696K, used 148101K [0x0000000080000000, 0x0000000089a00000, 0x00000000d5580000)
  object space 157696K, 93% used [0x0000000080000000,0x00000000890a1418,0x0000000089a00000)
 Metaspace       used 67081K, committed 68672K, reserved 1114112K
  class space    used 6908K, committed 7616K, reserved 1048576K
}
Event: 5979.379 GC heap after
{Heap after GC invocations=294 (full 3):
 PSYoungGen      total 4608K, used 448K [0x00000000d5580000, 0x00000000d5a80000, 0x0000000100000000)
  eden space 3584K, 0% used [0x00000000d5580000,0x00000000d5580000,0x00000000d5900000)
  from space 1024K, 43% used [0x00000000d5900000,0x00000000d5970020,0x00000000d5a00000)
  to   space 512K, 0% used [0x00000000d5a00000,0x00000000d5a00000,0x00000000d5a80000)
 ParOldGen       total 157696K, used 148633K [0x0000000080000000, 0x0000000089a00000, 0x00000000d5580000)
  object space 157696K, 94% used [0x0000000080000000,0x00000000891264d0,0x0000000089a00000)
 Metaspace       used 67081K, committed 68672K, reserved 1114112K
  class space    used 6908K, committed 7616K, reserved 1048576K
}
Event: 5979.497 GC heap before
{Heap before GC invocations=295 (full 3):
 PSYoungGen      total 4608K, used 4032K [0x00000000d5580000, 0x00000000d5a80000, 0x0000000100000000)
  eden space 3584K, 100% used [0x00000000d5580000,0x00000000d5900000,0x00000000d5900000)
  from space 1024K, 43% used [0x00000000d5900000,0x00000000d5970020,0x00000000d5a00000)
  to   space 512K, 0% used [0x00000000d5a00000,0x00000000d5a00000,0x00000000d5a80000)
 ParOldGen       total 157696K, used 148633K [0x0000000080000000, 0x0000000089a00000, 0x00000000d5580000)
  object space 157696K, 94% used [0x0000000080000000,0x00000000891264d0,0x0000000089a00000)
 Metaspace       used 67081K, committed 68672K, reserved 1114112K
  class space    used 6908K, committed 7616K, reserved 1048576K
}
Event: 5979.504 GC heap after
{Heap after GC invocations=295 (full 3):
 PSYoungGen      total 4096K, used 352K [0x00000000d5580000, 0x00000000d5a80000, 0x0000000100000000)
  eden space 3584K, 0% used [0x00000000d5580000,0x00000000d5580000,0x00000000d5900000)
  from space 512K, 68% used [0x00000000d5a00000,0x00000000d5a58000,0x00000000d5a80000)
  to   space 512K, 0% used [0x00000000d5980000,0x00000000d5980000,0x00000000d5a00000)
 ParOldGen       total 157696K, used 149033K [0x0000000080000000, 0x0000000089a00000, 0x00000000d5580000)
  object space 157696K, 94% used [0x0000000080000000,0x000000008918a4f0,0x0000000089a00000)
 Metaspace       used 67081K, committed 68672K, reserved 1114112K
  class space    used 6908K, committed 7616K, reserved 1048576K
}
Event: 5979.720 GC heap before
{Heap before GC invocations=296 (full 3):
 PSYoungGen      total 4096K, used 3936K [0x00000000d5580000, 0x00000000d5a80000, 0x0000000100000000)
  eden space 3584K, 100% used [0x00000000d5580000,0x00000000d5900000,0x00000000d5900000)
  from space 512K, 68% used [0x00000000d5a00000,0x00000000d5a58000,0x00000000d5a80000)
  to   space 512K, 0% used [0x00000000d5980000,0x00000000d5980000,0x00000000d5a00000)
 ParOldGen       total 157696K, used 149033K [0x0000000080000000, 0x0000000089a00000, 0x00000000d5580000)
  object space 157696K, 94% used [0x0000000080000000,0x000000008918a4f0,0x0000000089a00000)
 Metaspace       used 67083K, committed 68672K, reserved 1114112K
  class space    used 6908K, committed 7616K, reserved 1048576K
}
Event: 5979.726 GC heap after
{Heap after GC invocations=296 (full 3):
 PSYoungGen      total 4096K, used 416K [0x00000000d5580000, 0x00000000d5a80000, 0x0000000100000000)
  eden space 3584K, 0% used [0x00000000d5580000,0x00000000d5580000,0x00000000d5900000)
  from space 512K, 81% used [0x00000000d5980000,0x00000000d59e8020,0x00000000d5a00000)
  to   space 512K, 0% used [0x00000000d5a00000,0x00000000d5a00000,0x00000000d5a80000)
 ParOldGen       total 157696K, used 149297K [0x0000000080000000, 0x0000000089a00000, 0x00000000d5580000)
  object space 157696K, 94% used [0x0000000080000000,0x00000000891cc4f0,0x0000000089a00000)
 Metaspace       used 67083K, committed 68672K, reserved 1114112K
  class space    used 6908K, committed 7616K, reserved 1048576K
}
Event: 5979.968 GC heap before
{Heap before GC invocations=297 (full 3):
 PSYoungGen      total 4096K, used 4000K [0x00000000d5580000, 0x00000000d5a80000, 0x0000000100000000)
  eden space 3584K, 100% used [0x00000000d5580000,0x00000000d5900000,0x00000000d5900000)
  from space 512K, 81% used [0x00000000d5980000,0x00000000d59e8020,0x00000000d5a00000)
  to   space 512K, 0% used [0x00000000d5a00000,0x00000000d5a00000,0x00000000d5a80000)
 ParOldGen       total 157696K, used 149297K [0x0000000080000000, 0x0000000089a00000, 0x00000000d5580000)
  object space 157696K, 94% used [0x0000000080000000,0x00000000891cc4f0,0x0000000089a00000)
 Metaspace       used 67093K, committed 68672K, reserved 1114112K
  class space    used 6908K, committed 7616K, reserved 1048576K
}
Event: 5979.976 GC heap after
{Heap after GC invocations=297 (full 3):
 PSYoungGen      total 4096K, used 387K [0x00000000d5580000, 0x00000000d5a80000, 0x0000000100000000)
  eden space 3584K, 0% used [0x00000000d5580000,0x00000000d5580000,0x00000000d5900000)
  from space 512K, 75% used [0x00000000d5a00000,0x00000000d5a60f38,0x00000000d5a80000)
  to   space 512K, 0% used [0x00000000d5980000,0x00000000d5980000,0x00000000d5a00000)
 ParOldGen       total 157696K, used 149641K [0x0000000080000000, 0x0000000089a00000, 0x00000000d5580000)
  object space 157696K, 94% used [0x0000000080000000,0x0000000089222510,0x0000000089a00000)
 Metaspace       used 67093K, committed 68672K, reserved 1114112K
  class space    used 6908K, committed 7616K, reserved 1048576K
}
Event: 5980.967 GC heap before
{Heap before GC invocations=298 (full 3):
 PSYoungGen      total 4096K, used 3971K [0x00000000d5580000, 0x00000000d5a80000, 0x0000000100000000)
  eden space 3584K, 100% used [0x00000000d5580000,0x00000000d5900000,0x00000000d5900000)
  from space 512K, 75% used [0x00000000d5a00000,0x00000000d5a60f38,0x00000000d5a80000)
  to   space 512K, 0% used [0x00000000d5980000,0x00000000d5980000,0x00000000d5a00000)
 ParOldGen       total 157696K, used 149641K [0x0000000080000000, 0x0000000089a00000, 0x00000000d5580000)
  object space 157696K, 94% used [0x0000000080000000,0x0000000089222510,0x0000000089a00000)
 Metaspace       used 67144K, committed 68736K, reserved 1114112K
  class space    used 6910K, committed 7616K, reserved 1048576K
}
Event: 5980.973 GC heap after
{Heap after GC invocations=298 (full 3):
 PSYoungGen      total 4096K, used 404K [0x00000000d5580000, 0x00000000d5a80000, 0x0000000100000000)
  eden space 3584K, 0% used [0x00000000d5580000,0x00000000d5580000,0x00000000d5900000)
  from space 512K, 79% used [0x00000000d5980000,0x00000000d59e5200,0x00000000d5a00000)
  to   space 512K, 0% used [0x00000000d5a00000,0x00000000d5a00000,0x00000000d5a80000)
 ParOldGen       total 157696K, used 149989K [0x0000000080000000, 0x0000000089a00000, 0x00000000d5580000)
  object space 157696K, 95% used [0x0000000080000000,0x0000000089279458,0x0000000089a00000)
 Metaspace       used 67144K, committed 68736K, reserved 1114112K
  class space    used 6910K, committed 7616K, reserved 1048576K
}
Event: 5981.091 GC heap before
{Heap before GC invocations=299 (full 3):
 PSYoungGen      total 4096K, used 3988K [0x00000000d5580000, 0x00000000d5a80000, 0x0000000100000000)
  eden space 3584K, 100% used [0x00000000d5580000,0x00000000d5900000,0x00000000d5900000)
  from space 512K, 79% used [0x00000000d5980000,0x00000000d59e5200,0x00000000d5a00000)
  to   space 512K, 0% used [0x00000000d5a00000,0x00000000d5a00000,0x00000000d5a80000)
 ParOldGen       total 157696K, used 149989K [0x0000000080000000, 0x0000000089a00000, 0x00000000d5580000)
  object space 157696K, 95% used [0x0000000080000000,0x0000000089279458,0x0000000089a00000)
 Metaspace       used 67144K, committed 68736K, reserved 1114112K
  class space    used 6910K, committed 7616K, reserved 1048576K
}
Event: 5981.100 GC heap after
{Heap after GC invocations=299 (full 3):
 PSYoungGen      total 4096K, used 512K [0x00000000d5580000, 0x00000000d5b00000, 0x0000000100000000)
  eden space 3584K, 0% used [0x00000000d5580000,0x00000000d5580000,0x00000000d5900000)
  from space 512K, 100% used [0x00000000d5a00000,0x00000000d5a80000,0x00000000d5a80000)
  to   space 1024K, 0% used [0x00000000d5900000,0x00000000d5900000,0x00000000d5a00000)
 ParOldGen       total 157696K, used 150375K [0x0000000080000000, 0x0000000089a00000, 0x00000000d5580000)
  object space 157696K, 95% used [0x0000000080000000,0x00000000892d9c08,0x0000000089a00000)
 Metaspace       used 67144K, committed 68736K, reserved 1114112K
  class space    used 6910K, committed 7616K, reserved 1048576K
}
Event: 5981.213 GC heap before
{Heap before GC invocations=300 (full 3):
 PSYoungGen      total 4096K, used 4096K [0x00000000d5580000, 0x00000000d5b00000, 0x0000000100000000)
  eden space 3584K, 100% used [0x00000000d5580000,0x00000000d5900000,0x00000000d5900000)
  from space 512K, 100% used [0x00000000d5a00000,0x00000000d5a80000,0x00000000d5a80000)
  to   space 1024K, 0% used [0x00000000d5900000,0x00000000d5900000,0x00000000d5a00000)
 ParOldGen       total 157696K, used 150375K [0x0000000080000000, 0x0000000089a00000, 0x00000000d5580000)
  object space 157696K, 95% used [0x0000000080000000,0x00000000892d9c08,0x0000000089a00000)
 Metaspace       used 67144K, committed 68736K, reserved 1114112K
  class space    used 6910K, committed 7616K, reserved 1048576K
}
Event: 5981.220 GC heap after
{Heap after GC invocations=300 (full 3):
 PSYoungGen      total 4608K, used 160K [0x00000000d5580000, 0x00000000d5a80000, 0x0000000100000000)
  eden space 3584K, 0% used [0x00000000d5580000,0x00000000d5580000,0x00000000d5900000)
  from space 1024K, 15% used [0x00000000d5900000,0x00000000d5928000,0x00000000d5a00000)
  to   space 512K, 0% used [0x00000000d5a00000,0x00000000d5a00000,0x00000000d5a80000)
 ParOldGen       total 157696K, used 150887K [0x0000000080000000, 0x0000000089a00000, 0x00000000d5580000)
  object space 157696K, 95% used [0x0000000080000000,0x0000000089359c28,0x0000000089a00000)
 Metaspace       used 67144K, committed 68736K, reserved 1114112K
  class space    used 6910K, committed 7616K, reserved 1048576K
}
Event: 5981.334 GC heap before
{Heap before GC invocations=301 (full 3):
 PSYoungGen      total 4608K, used 3744K [0x00000000d5580000, 0x00000000d5a80000, 0x0000000100000000)
  eden space 3584K, 100% used [0x00000000d5580000,0x00000000d5900000,0x00000000d5900000)
  from space 1024K, 15% used [0x00000000d5900000,0x00000000d5928000,0x00000000d5a00000)
  to   space 512K, 0% used [0x00000000d5a00000,0x00000000d5a00000,0x00000000d5a80000)
 ParOldGen       total 157696K, used 150887K [0x0000000080000000, 0x0000000089a00000, 0x00000000d5580000)
  object space 157696K, 95% used [0x0000000080000000,0x0000000089359c28,0x0000000089a00000)
 Metaspace       used 67144K, committed 68736K, reserved 1114112K
  class space    used 6910K, committed 7616K, reserved 1048576K
}
Event: 5981.338 GC heap after
{Heap after GC invocations=301 (full 3):
 PSYoungGen      total 4096K, used 384K [0x00000000d5580000, 0x00000000d5a80000, 0x0000000100000000)
  eden space 3584K, 0% used [0x00000000d5580000,0x00000000d5580000,0x00000000d5900000)
  from space 512K, 75% used [0x00000000d5a00000,0x00000000d5a60020,0x00000000d5a80000)
  to   space 512K, 0% used [0x00000000d5980000,0x00000000d5980000,0x00000000d5a00000)
 ParOldGen       total 157696K, used 151007K [0x0000000080000000, 0x0000000089a00000, 0x00000000d5580000)
  object space 157696K, 95% used [0x0000000080000000,0x0000000089377c28,0x0000000089a00000)
 Metaspace       used 67144K, committed 68736K, reserved 1114112K
  class space    used 6910K, committed 7616K, reserved 1048576K
}
Event: 5981.802 GC heap before
{Heap before GC invocations=302 (full 3):
 PSYoungGen      total 4096K, used 3968K [0x00000000d5580000, 0x00000000d5a80000, 0x0000000100000000)
  eden space 3584K, 100% used [0x00000000d5580000,0x00000000d5900000,0x00000000d5900000)
  from space 512K, 75% used [0x00000000d5a00000,0x00000000d5a60020,0x00000000d5a80000)
  to   space 512K, 0% used [0x00000000d5980000,0x00000000d5980000,0x00000000d5a00000)
 ParOldGen       total 157696K, used 151007K [0x0000000080000000, 0x0000000089a00000, 0x00000000d5580000)
  object space 157696K, 95% used [0x0000000080000000,0x0000000089377c28,0x0000000089a00000)
 Metaspace       used 67164K, committed 68736K, reserved 1114112K
  class space    used 6910K, committed 7616K, reserved 1048576K
}
Event: 5981.815 GC heap after
{Heap after GC invocations=302 (full 3):
 PSYoungGen      total 4096K, used 448K [0x00000000d5580000, 0x00000000d5a80000, 0x0000000100000000)
  eden space 3584K, 0% used [0x00000000d5580000,0x00000000d5580000,0x00000000d5900000)
  from space 512K, 87% used [0x00000000d5980000,0x00000000d59f0020,0x00000000d5a00000)
  to   space 512K, 0% used [0x00000000d5a00000,0x00000000d5a00000,0x00000000d5a80000)
 ParOldGen       total 157696K, used 151335K [0x0000000080000000, 0x0000000089a00000, 0x00000000d5580000)
  object space 157696K, 95% used [0x0000000080000000,0x00000000893c9c48,0x0000000089a00000)
 Metaspace       used 67164K, committed 68736K, reserved 1114112K
  class space    used 6910K, committed 7616K, reserved 1048576K
}
Event: 6323.075 GC heap before
{Heap before GC invocations=303 (full 3):
 PSYoungGen      total 4096K, used 4032K [0x00000000d5580000, 0x00000000d5a80000, 0x0000000100000000)
  eden space 3584K, 100% used [0x00000000d5580000,0x00000000d5900000,0x00000000d5900000)
  from space 512K, 87% used [0x00000000d5980000,0x00000000d59f0020,0x00000000d5a00000)
  to   space 512K, 0% used [0x00000000d5a00000,0x00000000d5a00000,0x00000000d5a80000)
 ParOldGen       total 157696K, used 151335K [0x0000000080000000, 0x0000000089a00000, 0x00000000d5580000)
  object space 157696K, 95% used [0x0000000080000000,0x00000000893c9c48,0x0000000089a00000)
 Metaspace       used 67183K, committed 68800K, reserved 1114112K
  class space    used 6910K, committed 7616K, reserved 1048576K
}
Event: 6323.392 GC heap after
{Heap after GC invocations=303 (full 3):
 PSYoungGen      total 4096K, used 160K [0x00000000d5580000, 0x00000000d5a80000, 0x0000000100000000)
  eden space 3584K, 0% used [0x00000000d5580000,0x00000000d5580000,0x00000000d5900000)
  from space 512K, 31% used [0x00000000d5a00000,0x00000000d5a28000,0x00000000d5a80000)
  to   space 512K, 0% used [0x00000000d5980000,0x00000000d5980000,0x00000000d5a00000)
 ParOldGen       total 157696K, used 151703K [0x0000000080000000, 0x0000000089a00000, 0x00000000d5580000)
  object space 157696K, 96% used [0x0000000080000000,0x0000000089425c08,0x0000000089a00000)
 Metaspace       used 67183K, committed 68800K, reserved 1114112K
  class space    used 6910K, committed 7616K, reserved 1048576K
}

